#
# There is insufficient memory for the Java Runtime Environment to continue.
# Native memory allocation (mmap) failed to map 65536 bytes for Failed to commit metaspace.
# Possible reasons:
#   The system is out of physical RAM or swap space
#   The process is running with CompressedOops enabled, and the Java Heap may be blocking the growth of the native heap
# Possible solutions:
#   Reduce memory load on the system
#   Increase physical memory or swap space
#   Check if swap backing store is full
#   Decrease Java heap size (-Xmx/-Xms)
#   Decrease number of Java threads
#   Decrease Java thread stack sizes (-Xss)
#   Set larger code cache with -XX:ReservedCodeCacheSize=
#   JVM is running with Unscaled Compressed Oops mode in which the Java heap is
#     placed in the first 4GB address space. The Java Heap base address is the
#     maximum limit for the native heap growth. Please use -XX:HeapBaseMinAddress
#     to set the Java Heap base and to place the Java Heap above 4GB virtual address.
# This output file may be truncated or incomplete.
#
#  Out of Memory Error (virtualSpaceNode.cpp:112), pid=18624, tid=15868
#
# JRE version: Java(TM) SE Runtime Environment (21.0.8+12) (build 21.0.8+12-LTS-250)
# Java VM: Java HotSpot(TM) 64-Bit Server VM (21.0.8+12-LTS-250, mixed mode, sharing, tiered, compressed oops, compressed class ptrs, g1 gc, windows-amd64)
# No core dump will be written. Minidumps are not enabled by default on client versions of Windows
#

---------------  S U M M A R Y ------------

Command Line: -Dcompose.application.configure.swing.globals=true -Dcompose.application.resources.dir=C:\Users\salwa\Projet_architecture\V.A.M.I.S_software_archi_project\composeApp\build\compose\tmp\prepareAppResources -Dfile.encoding=UTF-8 -Duser.country=BE -Duser.language=fr -Duser.variant be.ecam.companion.MainKt

Host: Intel(R) Core(TM) i7-1065G7 CPU @ 1.30GHz, 8 cores, 7G,  Windows 11 , 64 bit Build 26100 (10.0.26100.7019)
Time: Thu Nov 20 16:15:41 2025 Paris, Madrid elapsed time: 2.087539 seconds (0d 0h 0m 2s)

---------------  T H R E A D  ---------------

Current thread (0x00000242e7b62990):  JavaThread "AWT-EventQueue-0"        [_thread_in_vm, id=15868, stack(0x000000ad69700000,0x000000ad69800000) (1024K)]

Stack: [0x000000ad69700000,0x000000ad69800000]
Native frames: (J=compiled Java code, j=interpreted, Vv=VM code, C=native code)
V  [jvm.dll+0x6cc179]
V  [jvm.dll+0x8584c1]
V  [jvm.dll+0x85a9ee]
V  [jvm.dll+0x85b0c3]
V  [jvm.dll+0x27ebf6]
V  [jvm.dll+0x8540de]
V  [jvm.dll+0x66fdb5]
V  [jvm.dll+0x66fe1a]
V  [jvm.dll+0x672635]
V  [jvm.dll+0x672502]
V  [jvm.dll+0x67078e]
V  [jvm.dll+0x26904f]
V  [jvm.dll+0x67ab05]
V  [jvm.dll+0x2159e1]
V  [jvm.dll+0x215e6a]
V  [jvm.dll+0x216891]
V  [jvm.dll+0x20bd2e]
V  [jvm.dll+0x5aecec]
V  [jvm.dll+0x21d4ca]
V  [jvm.dll+0x7d1c1c]
V  [jvm.dll+0x7d2c44]
V  [jvm.dll+0x7d3212]
V  [jvm.dll+0x7d2e98]
V  [jvm.dll+0x471a09]
V  [jvm.dll+0x44ba89]
C  [awt.dll+0xda5a8]

Java frames: (J=compiled Java code, j=interpreted, Vv=VM code)
j  sun.awt.Win32GraphicsConfig.getBounds(I)Ljava/awt/Rectangle;+0 java.desktop@21.0.8
j  sun.awt.Win32GraphicsConfig.getBounds()Ljava/awt/Rectangle;+8 java.desktop@21.0.8
j  java.awt.Window.init(Ljava/awt/GraphicsConfiguration;)V+81 java.desktop@21.0.8
j  java.awt.Window.<init>(Ljava/awt/GraphicsConfiguration;)V+108 java.desktop@21.0.8
j  java.awt.Frame.<init>(Ljava/lang/String;Ljava/awt/GraphicsConfiguration;)V+2 java.desktop@21.0.8
j  java.awt.Frame.<init>(Ljava/awt/GraphicsConfiguration;)V+4 java.desktop@21.0.8
j  javax.swing.JFrame.<init>(Ljava/awt/GraphicsConfiguration;)V+2 java.desktop@21.0.8
j  androidx.compose.ui.awt.ComposeWindow.<init>(Ljava/awt/GraphicsConfiguration;Lorg/jetbrains/skiko/SkiaLayerAnalytics;Landroidx/savedstate/SavedState;)V+8
j  androidx.compose.ui.awt.ComposeWindow.<init>(Ljava/awt/GraphicsConfiguration;Lorg/jetbrains/skiko/SkiaLayerAnalytics;Landroidx/savedstate/SavedState;ILkotlin/jvm/internal/DefaultConstructorMarker;)V+36
j  androidx.compose.ui.awt.ComposeWindow.<init>(Ljava/awt/GraphicsConfiguration;)V+11
j  androidx.compose.ui.awt.SwingWindow_desktopKt.SwingWindow$lambda$31$lambda$30(Landroidx/compose/ui/awt/SwingWindow_desktopKt$SwingWindow$listeners$1$1;Lkotlin/jvm/functions/Function1;Landroidx/compose/runtime/State;Landroidx/compose/ui/awt/SwingWindow_desktopKt$SwingWindow$appliedState$1$1;Landroidx/compose/runtime/State;)Landroidx/compose/ui/awt/ComposeWindow;+14
j  androidx.compose.ui.awt.SwingWindow_desktopKt$$Lambda+0x000002428111b2f8.invoke()Ljava/lang/Object;+20
j  androidx.compose.ui.awt.SwingWindow_desktopKt.SwingWindow$lambda$8$lambda$7(Lkotlin/jvm/functions/Function0;Landroidx/compose/ui/platform/PlatformContext;Lkotlin/jvm/functions/Function1;Lkotlin/jvm/functions/Function1;Lkotlin/jvm/functions/Function3;Landroidx/compose/runtime/State;Landroidx/compose/runtime/State;)Landroidx/compose/ui/awt/ComposeWindow;+1
j  androidx.compose.ui.awt.SwingWindow_desktopKt$$Lambda+0x000002428111fb10.invoke()Ljava/lang/Object;+28
j  androidx.compose.ui.awt.AwtWindow_desktopKt.AwtWindow$lambda$5$lambda$4(Landroidx/compose/ui/node/Ref;Lkotlin/jvm/functions/Function0;Lkotlin/jvm/functions/Function1;Landroidx/compose/runtime/DisposableEffectScope;)Landroidx/compose/runtime/DisposableEffectResult;+8
j  androidx.compose.ui.awt.AwtWindow_desktopKt$$Lambda+0x000002428111d800.invoke(Ljava/lang/Object;)Ljava/lang/Object;+16
j  androidx.compose.runtime.DisposableEffectImpl.onRemembered()V+8
j  androidx.compose.runtime.internal.RememberEventDispatcher.dispatchRememberList(Landroidx/compose/runtime/collection/MutableVector;)V+79
j  androidx.compose.runtime.internal.RememberEventDispatcher.dispatchRememberObservers()V+331
j  androidx.compose.runtime.CompositionImpl.applyChangesInLocked(Landroidx/compose/runtime/changelist/ChangeList;)V+290
j  androidx.compose.runtime.CompositionImpl.applyChanges()V+41
j  androidx.compose.runtime.Recomposer.composeInitial$runtime(Landroidx/compose/runtime/ControlledComposition;Lkotlin/jvm/functions/Function2;)V+316
j  androidx.compose.runtime.CompositionImpl.composeInitial(Lkotlin/jvm/functions/Function2;)V+17
j  androidx.compose.runtime.CompositionImpl.setContent(Lkotlin/jvm/functions/Function2;)V+23
j  androidx.compose.ui.window.Application_desktopKt$awaitApplication$2$1$2.invokeSuspend(Ljava/lang/Object;)Ljava/lang/Object;+89
j  kotlin.coroutines.jvm.internal.BaseContinuationImpl.resumeWith(Ljava/lang/Object;)V+40
j  kotlinx.coroutines.DispatchedTask.run()V+301
j  java.awt.event.InvocationEvent.dispatch()V+47 java.desktop@21.0.8
j  java.awt.EventQueue.dispatchEventImpl(Ljava/awt/AWTEvent;Ljava/lang/Object;)V+21 java.desktop@21.0.8
j  java.awt.EventQueue$4.run()Ljava/lang/Void;+32 java.desktop@21.0.8
j  java.awt.EventQueue$4.run()Ljava/lang/Object;+1 java.desktop@21.0.8
j  java.security.AccessController.executePrivileged(Ljava/security/PrivilegedAction;Ljava/security/AccessControlContext;Ljava/lang/Class;)Ljava/lang/Object;+29 java.base@21.0.8
j  java.security.AccessController.doPrivileged(Ljava/security/PrivilegedAction;Ljava/security/AccessControlContext;)Ljava/lang/Object;+13 java.base@21.0.8
j  java.security.ProtectionDomain$JavaSecurityAccessImpl.doIntersectionPrivilege(Ljava/security/PrivilegedAction;Ljava/security/AccessControlContext;Ljava/security/AccessControlContext;)Ljava/lang/Object;+18 java.base@21.0.8
j  java.awt.EventQueue.dispatchEvent(Ljava/awt/AWTEvent;)V+46 java.desktop@21.0.8
j  java.awt.EventDispatchThread.pumpOneEventForFilters(I)V+81 java.desktop@21.0.8
j  java.awt.EventDispatchThread.pumpEventsForFilter(ILjava/awt/Conditional;Ljava/awt/EventFilter;)V+35 java.desktop@21.0.8
j  java.awt.EventDispatchThread.pumpEventsForHierarchy(ILjava/awt/Conditional;Ljava/awt/Component;)V+11 java.desktop@21.0.8
j  java.awt.EventDispatchThread.pumpEvents(ILjava/awt/Conditional;)V+4 java.desktop@21.0.8
j  java.awt.EventDispatchThread.pumpEvents(Ljava/awt/Conditional;)V+3 java.desktop@21.0.8
j  java.awt.EventDispatchThread.run()V+9 java.desktop@21.0.8
v  ~StubRoutines::call_stub 0x00000242da2e10e7

---------------  P R O C E S S  ---------------

Threads class SMR info:
_java_thread_list=0x00000242e7bad8b0, length=20, elements={
0x00000242c87e3e80, 0x00000242e723b330, 0x00000242e723dbd0, 0x00000242e7243280,
0x00000242e72442c0, 0x00000242e72472d0, 0x00000242e72498a0, 0x00000242e724d1a0,
0x00000242e7259de0, 0x00000242e7525170, 0x00000242e7536190, 0x00000242e79a5eb0,
0x00000242e79a68e0, 0x00000242e7ac6320, 0x00000242e7b3ee10, 0x00000242e7b3f470,
0x00000242e7b40270, 0x00000242e7b4d850, 0x00000242e7b64a60, 0x00000242e7b62990
}

Java Threads: ( => current thread )
  0x00000242c87e3e80 JavaThread "main"                              [_thread_blocked, id=24044, stack(0x000000ad67d00000,0x000000ad67e00000) (1024K)]
  0x00000242e723b330 JavaThread "Reference Handler"          daemon [_thread_blocked, id=7104, stack(0x000000ad68500000,0x000000ad68600000) (1024K)]
  0x00000242e723dbd0 JavaThread "Finalizer"                  daemon [_thread_blocked, id=20148, stack(0x000000ad68600000,0x000000ad68700000) (1024K)]
  0x00000242e7243280 JavaThread "Signal Dispatcher"          daemon [_thread_blocked, id=15604, stack(0x000000ad68700000,0x000000ad68800000) (1024K)]
  0x00000242e72442c0 JavaThread "Attach Listener"            daemon [_thread_blocked, id=13260, stack(0x000000ad68800000,0x000000ad68900000) (1024K)]
  0x00000242e72472d0 JavaThread "Service Thread"             daemon [_thread_blocked, id=21524, stack(0x000000ad68900000,0x000000ad68a00000) (1024K)]
  0x00000242e72498a0 JavaThread "Monitor Deflation Thread"   daemon [_thread_blocked, id=19732, stack(0x000000ad68a00000,0x000000ad68b00000) (1024K)]
  0x00000242e724d1a0 JavaThread "C2 CompilerThread0"         daemon [_thread_blocked, id=19400, stack(0x000000ad68b00000,0x000000ad68c00000) (1024K)]
  0x00000242e7259de0 JavaThread "C1 CompilerThread0"         daemon [_thread_blocked, id=17664, stack(0x000000ad68c00000,0x000000ad68d00000) (1024K)]
  0x00000242e7525170 JavaThread "Notification Thread"        daemon [_thread_blocked, id=20968, stack(0x000000ad68d00000,0x000000ad68e00000) (1024K)]
  0x00000242e7536190 JavaThread "Common-Cleaner"             daemon [_thread_blocked, id=21588, stack(0x000000ad68e00000,0x000000ad68f00000) (1024K)]
  0x00000242e79a5eb0 JavaThread "Java2D Disposer"            daemon [_thread_blocked, id=20684, stack(0x000000ad68f00000,0x000000ad69000000) (1024K)]
  0x00000242e79a68e0 JavaThread "AWT-Shutdown"                      [_thread_blocked, id=9448, stack(0x000000ad69000000,0x000000ad69100000) (1024K)]
  0x00000242e7ac6320 JavaThread "AWT-Windows"                daemon [_thread_in_native, id=18972, stack(0x000000ad69100000,0x000000ad69200000) (1024K)]
  0x00000242e7b3ee10 JavaThread "DefaultDispatcher-worker-1" daemon [_thread_blocked, id=10980, stack(0x000000ad69200000,0x000000ad69300000) (1024K)]
  0x00000242e7b3f470 JavaThread "DefaultDispatcher-worker-2" daemon [_thread_blocked, id=21624, stack(0x000000ad69300000,0x000000ad69400000) (1024K)]
  0x00000242e7b40270 JavaThread "DefaultDispatcher-worker-3" daemon [_thread_blocked, id=18440, stack(0x000000ad69400000,0x000000ad69500000) (1024K)]
  0x00000242e7b4d850 JavaThread "Reference Cleaner"          daemon [_thread_blocked, id=20376, stack(0x000000ad69500000,0x000000ad69600000) (1024K)]
  0x00000242e7b64a60 JavaThread "kotlinx.coroutines.DefaultExecutor" daemon [_thread_blocked, id=18444, stack(0x000000ad69600000,0x000000ad69700000) (1024K)]
=>0x00000242e7b62990 JavaThread "AWT-EventQueue-0"                  [_thread_in_vm, id=15868, stack(0x000000ad69700000,0x000000ad69800000) (1024K)]
Total: 20

Other Threads:
  0x00000242e7220670 VMThread "VM Thread"                           [id=20764, stack(0x000000ad68400000,0x000000ad68500000) (1024K)]
  0x00000242e720e990 WatcherThread "VM Periodic Task Thread"        [id=9364, stack(0x000000ad68300000,0x000000ad68400000) (1024K)]
  0x00000242ca988580 WorkerThread "GC Thread#0"                     [id=14876, stack(0x000000ad67e00000,0x000000ad67f00000) (1024K)]
  0x00000242e7dc3eb0 WorkerThread "GC Thread#1"                     [id=3344, stack(0x000000ad69800000,0x000000ad69900000) (1024K)]
  0x00000242e7dc4250 WorkerThread "GC Thread#2"                     [id=3820, stack(0x000000ad69900000,0x000000ad69a00000) (1024K)]
  0x00000242e7dc45f0 WorkerThread "GC Thread#3"                     [id=22764, stack(0x000000ad69a00000,0x000000ad69b00000) (1024K)]
  0x00000242e7dc4990 WorkerThread "GC Thread#4"                     [id=18964, stack(0x000000ad69b00000,0x000000ad69c00000) (1024K)]
  0x00000242e7dbc550 WorkerThread "GC Thread#5"                     [id=21304, stack(0x000000ad69c00000,0x000000ad69d00000) (1024K)]
  0x00000242e7eb6e60 WorkerThread "GC Thread#6"                     [id=21824, stack(0x000000ad69d00000,0x000000ad69e00000) (1024K)]
  0x00000242ca998f60 ConcurrentGCThread "G1 Main Marker"            [id=22464, stack(0x000000ad67f00000,0x000000ad68000000) (1024K)]
  0x00000242ca999a60 WorkerThread "G1 Conc#0"                       [id=24268, stack(0x000000ad68000000,0x000000ad68100000) (1024K)]
  0x00000242e70d55a0 ConcurrentGCThread "G1 Refine#0"               [id=10180, stack(0x000000ad68100000,0x000000ad68200000) (1024K)]
  0x00000242ca9de2c0 ConcurrentGCThread "G1 Service"                [id=360, stack(0x000000ad68200000,0x000000ad68300000) (1024K)]
Total: 13

Threads with active compile tasks:
Total: 0

VM state: not at safepoint (normal execution)

VM Mutex/Monitor currently owned by a thread:  ([mutex/lock_event])
[0x00007ffcbe94ee50] Metaspace_lock - owner thread: 0x00000242e7b62990

Heap address: 0x0000000083000000, size: 2000 MB, Compressed Oops mode: 32-bit

CDS archive(s) mapped at: [0x0000024280000000-0x0000024280c90000-0x0000024280c90000), size 13172736, SharedBaseAddress: 0x0000024280000000, ArchiveRelocationMode: 1.
Compressed class space mapped at: 0x0000024281000000-0x00000242c1000000, reserved size: 1073741824
Narrow klass base: 0x0000024280000000, Narrow klass shift: 0, Narrow klass range: 0x100000000

GC Precious Log:
 CardTable entry size: 512
 Card Set container configuration: InlinePtr #cards 5 size 8 Array Of Cards #cards 12 size 40 Howl #buckets 4 coarsen threshold 1843 Howl Bitmap #cards 512 size 80 coarsen threshold 460 Card regions per heap region 1 cards per card region 2048
 CPUs: 8 total, 8 available
 Memory: 7997M
 Large Page Support: Disabled
 NUMA Support: Disabled
 Compressed Oops: Enabled (32-bit)
 Heap Region Size: 1M
 Heap Min Capacity: 8M
 Heap Initial Capacity: 126M
 Heap Max Capacity: 2000M
 Pre-touch: Disabled
 Parallel Workers: 8
 Concurrent Workers: 2
 Concurrent Refinement Workers: 8
 Periodic GC: Disabled

Heap:
 garbage-first heap   total 129024K, used 10978K [0x0000000083000000, 0x0000000100000000)
  region size 1024K, 9 young (9216K), 3 survivors (3072K)
 Metaspace       used 10327K, committed 10496K, reserved 1114112K
  class space    used 919K, committed 1024K, reserved 1048576K

Heap Regions: E=young(eden), S=young(survivor), O=old, HS=humongous(starts), HC=humongous(continues), CS=collection set, F=free, TAMS=top-at-mark-start, PB=parsable bottom
|   0|0x0000000083000000, 0x0000000083100000, 0x0000000083100000|100%|HS|  |TAMS 0x0000000083000000| PB 0x0000000083000000| Complete 
|   1|0x0000000083100000, 0x0000000083200000, 0x0000000083200000|100%|HC|  |TAMS 0x0000000083100000| PB 0x0000000083100000| Complete 
|   2|0x0000000083200000, 0x0000000083200000, 0x0000000083300000|  0%| F|  |TAMS 0x0000000083200000| PB 0x0000000083200000| Untracked 
|   3|0x0000000083300000, 0x00000000833b8890, 0x0000000083400000| 72%| O|  |TAMS 0x0000000083300000| PB 0x0000000083300000| Untracked 
|   4|0x0000000083400000, 0x0000000083400000, 0x0000000083500000|  0%| F|  |TAMS 0x0000000083400000| PB 0x0000000083400000| Untracked 
|   5|0x0000000083500000, 0x0000000083500000, 0x0000000083600000|  0%| F|  |TAMS 0x0000000083500000| PB 0x0000000083500000| Untracked 
|   6|0x0000000083600000, 0x0000000083600000, 0x0000000083700000|  0%| F|  |TAMS 0x0000000083600000| PB 0x0000000083600000| Untracked 
|   7|0x0000000083700000, 0x0000000083700000, 0x0000000083800000|  0%| F|  |TAMS 0x0000000083700000| PB 0x0000000083700000| Untracked 
|   8|0x0000000083800000, 0x0000000083800000, 0x0000000083900000|  0%| F|  |TAMS 0x0000000083800000| PB 0x0000000083800000| Untracked 
|   9|0x0000000083900000, 0x0000000083900000, 0x0000000083a00000|  0%| F|  |TAMS 0x0000000083900000| PB 0x0000000083900000| Untracked 
|  10|0x0000000083a00000, 0x0000000083a00000, 0x0000000083b00000|  0%| F|  |TAMS 0x0000000083a00000| PB 0x0000000083a00000| Untracked 
|  11|0x0000000083b00000, 0x0000000083b00000, 0x0000000083c00000|  0%| F|  |TAMS 0x0000000083b00000| PB 0x0000000083b00000| Untracked 
|  12|0x0000000083c00000, 0x0000000083c00000, 0x0000000083d00000|  0%| F|  |TAMS 0x0000000083c00000| PB 0x0000000083c00000| Untracked 
|  13|0x0000000083d00000, 0x0000000083d00000, 0x0000000083e00000|  0%| F|  |TAMS 0x0000000083d00000| PB 0x0000000083d00000| Untracked 
|  14|0x0000000083e00000, 0x0000000083e00000, 0x0000000083f00000|  0%| F|  |TAMS 0x0000000083e00000| PB 0x0000000083e00000| Untracked 
|  15|0x0000000083f00000, 0x0000000083f00000, 0x0000000084000000|  0%| F|  |TAMS 0x0000000083f00000| PB 0x0000000083f00000| Untracked 
|  16|0x0000000084000000, 0x0000000084000000, 0x0000000084100000|  0%| F|  |TAMS 0x0000000084000000| PB 0x0000000084000000| Untracked 
|  17|0x0000000084100000, 0x0000000084100000, 0x0000000084200000|  0%| F|  |TAMS 0x0000000084100000| PB 0x0000000084100000| Untracked 
|  18|0x0000000084200000, 0x0000000084200000, 0x0000000084300000|  0%| F|  |TAMS 0x0000000084200000| PB 0x0000000084200000| Untracked 
|  19|0x0000000084300000, 0x0000000084300000, 0x0000000084400000|  0%| F|  |TAMS 0x0000000084300000| PB 0x0000000084300000| Untracked 
|  20|0x0000000084400000, 0x0000000084400000, 0x0000000084500000|  0%| F|  |TAMS 0x0000000084400000| PB 0x0000000084400000| Untracked 
|  21|0x0000000084500000, 0x0000000084500000, 0x0000000084600000|  0%| F|  |TAMS 0x0000000084500000| PB 0x0000000084500000| Untracked 
|  22|0x0000000084600000, 0x0000000084600000, 0x0000000084700000|  0%| F|  |TAMS 0x0000000084600000| PB 0x0000000084600000| Untracked 
|  23|0x0000000084700000, 0x0000000084700000, 0x0000000084800000|  0%| F|  |TAMS 0x0000000084700000| PB 0x0000000084700000| Untracked 
|  24|0x0000000084800000, 0x0000000084800000, 0x0000000084900000|  0%| F|  |TAMS 0x0000000084800000| PB 0x0000000084800000| Untracked 
|  25|0x0000000084900000, 0x0000000084900000, 0x0000000084a00000|  0%| F|  |TAMS 0x0000000084900000| PB 0x0000000084900000| Untracked 
|  26|0x0000000084a00000, 0x0000000084a00000, 0x0000000084b00000|  0%| F|  |TAMS 0x0000000084a00000| PB 0x0000000084a00000| Untracked 
|  27|0x0000000084b00000, 0x0000000084b00000, 0x0000000084c00000|  0%| F|  |TAMS 0x0000000084b00000| PB 0x0000000084b00000| Untracked 
|  28|0x0000000084c00000, 0x0000000084c00000, 0x0000000084d00000|  0%| F|  |TAMS 0x0000000084c00000| PB 0x0000000084c00000| Untracked 
|  29|0x0000000084d00000, 0x0000000084d00000, 0x0000000084e00000|  0%| F|  |TAMS 0x0000000084d00000| PB 0x0000000084d00000| Untracked 
|  30|0x0000000084e00000, 0x0000000084e00000, 0x0000000084f00000|  0%| F|  |TAMS 0x0000000084e00000| PB 0x0000000084e00000| Untracked 
|  31|0x0000000084f00000, 0x0000000084f00000, 0x0000000085000000|  0%| F|  |TAMS 0x0000000084f00000| PB 0x0000000084f00000| Untracked 
|  32|0x0000000085000000, 0x0000000085000000, 0x0000000085100000|  0%| F|  |TAMS 0x0000000085000000| PB 0x0000000085000000| Untracked 
|  33|0x0000000085100000, 0x0000000085100000, 0x0000000085200000|  0%| F|  |TAMS 0x0000000085100000| PB 0x0000000085100000| Untracked 
|  34|0x0000000085200000, 0x0000000085200000, 0x0000000085300000|  0%| F|  |TAMS 0x0000000085200000| PB 0x0000000085200000| Untracked 
|  35|0x0000000085300000, 0x0000000085300000, 0x0000000085400000|  0%| F|  |TAMS 0x0000000085300000| PB 0x0000000085300000| Untracked 
|  36|0x0000000085400000, 0x0000000085400000, 0x0000000085500000|  0%| F|  |TAMS 0x0000000085400000| PB 0x0000000085400000| Untracked 
|  37|0x0000000085500000, 0x0000000085500000, 0x0000000085600000|  0%| F|  |TAMS 0x0000000085500000| PB 0x0000000085500000| Untracked 
|  38|0x0000000085600000, 0x0000000085600000, 0x0000000085700000|  0%| F|  |TAMS 0x0000000085600000| PB 0x0000000085600000| Untracked 
|  39|0x0000000085700000, 0x0000000085700000, 0x0000000085800000|  0%| F|  |TAMS 0x0000000085700000| PB 0x0000000085700000| Untracked 
|  40|0x0000000085800000, 0x0000000085800000, 0x0000000085900000|  0%| F|  |TAMS 0x0000000085800000| PB 0x0000000085800000| Untracked 
|  41|0x0000000085900000, 0x0000000085900000, 0x0000000085a00000|  0%| F|  |TAMS 0x0000000085900000| PB 0x0000000085900000| Untracked 
|  42|0x0000000085a00000, 0x0000000085a00000, 0x0000000085b00000|  0%| F|  |TAMS 0x0000000085a00000| PB 0x0000000085a00000| Untracked 
|  43|0x0000000085b00000, 0x0000000085b00000, 0x0000000085c00000|  0%| F|  |TAMS 0x0000000085b00000| PB 0x0000000085b00000| Untracked 
|  44|0x0000000085c00000, 0x0000000085c00000, 0x0000000085d00000|  0%| F|  |TAMS 0x0000000085c00000| PB 0x0000000085c00000| Untracked 
|  45|0x0000000085d00000, 0x0000000085d00000, 0x0000000085e00000|  0%| F|  |TAMS 0x0000000085d00000| PB 0x0000000085d00000| Untracked 
|  46|0x0000000085e00000, 0x0000000085e00000, 0x0000000085f00000|  0%| F|  |TAMS 0x0000000085e00000| PB 0x0000000085e00000| Untracked 
|  47|0x0000000085f00000, 0x0000000085f00000, 0x0000000086000000|  0%| F|  |TAMS 0x0000000085f00000| PB 0x0000000085f00000| Untracked 
|  48|0x0000000086000000, 0x0000000086000000, 0x0000000086100000|  0%| F|  |TAMS 0x0000000086000000| PB 0x0000000086000000| Untracked 
|  49|0x0000000086100000, 0x0000000086100000, 0x0000000086200000|  0%| F|  |TAMS 0x0000000086100000| PB 0x0000000086100000| Untracked 
|  50|0x0000000086200000, 0x0000000086200000, 0x0000000086300000|  0%| F|  |TAMS 0x0000000086200000| PB 0x0000000086200000| Untracked 
|  51|0x0000000086300000, 0x0000000086300000, 0x0000000086400000|  0%| F|  |TAMS 0x0000000086300000| PB 0x0000000086300000| Untracked 
|  52|0x0000000086400000, 0x0000000086400000, 0x0000000086500000|  0%| F|  |TAMS 0x0000000086400000| PB 0x0000000086400000| Untracked 
|  53|0x0000000086500000, 0x0000000086500000, 0x0000000086600000|  0%| F|  |TAMS 0x0000000086500000| PB 0x0000000086500000| Untracked 
|  54|0x0000000086600000, 0x0000000086600000, 0x0000000086700000|  0%| F|  |TAMS 0x0000000086600000| PB 0x0000000086600000| Untracked 
|  55|0x0000000086700000, 0x0000000086700000, 0x0000000086800000|  0%| F|  |TAMS 0x0000000086700000| PB 0x0000000086700000| Untracked 
|  56|0x0000000086800000, 0x0000000086800000, 0x0000000086900000|  0%| F|  |TAMS 0x0000000086800000| PB 0x0000000086800000| Untracked 
|  57|0x0000000086900000, 0x0000000086900000, 0x0000000086a00000|  0%| F|  |TAMS 0x0000000086900000| PB 0x0000000086900000| Untracked 
|  58|0x0000000086a00000, 0x0000000086a00000, 0x0000000086b00000|  0%| F|  |TAMS 0x0000000086a00000| PB 0x0000000086a00000| Untracked 
|  59|0x0000000086b00000, 0x0000000086b00000, 0x0000000086c00000|  0%| F|  |TAMS 0x0000000086b00000| PB 0x0000000086b00000| Untracked 
|  60|0x0000000086c00000, 0x0000000086c00000, 0x0000000086d00000|  0%| F|  |TAMS 0x0000000086c00000| PB 0x0000000086c00000| Untracked 
|  61|0x0000000086d00000, 0x0000000086d00000, 0x0000000086e00000|  0%| F|  |TAMS 0x0000000086d00000| PB 0x0000000086d00000| Untracked 
|  62|0x0000000086e00000, 0x0000000086e00000, 0x0000000086f00000|  0%| F|  |TAMS 0x0000000086e00000| PB 0x0000000086e00000| Untracked 
|  63|0x0000000086f00000, 0x0000000086f00000, 0x0000000087000000|  0%| F|  |TAMS 0x0000000086f00000| PB 0x0000000086f00000| Untracked 
|  64|0x0000000087000000, 0x0000000087000000, 0x0000000087100000|  0%| F|  |TAMS 0x0000000087000000| PB 0x0000000087000000| Untracked 
|  65|0x0000000087100000, 0x0000000087100000, 0x0000000087200000|  0%| F|  |TAMS 0x0000000087100000| PB 0x0000000087100000| Untracked 
|  66|0x0000000087200000, 0x0000000087200000, 0x0000000087300000|  0%| F|  |TAMS 0x0000000087200000| PB 0x0000000087200000| Untracked 
|  67|0x0000000087300000, 0x0000000087300000, 0x0000000087400000|  0%| F|  |TAMS 0x0000000087300000| PB 0x0000000087300000| Untracked 
|  68|0x0000000087400000, 0x0000000087400000, 0x0000000087500000|  0%| F|  |TAMS 0x0000000087400000| PB 0x0000000087400000| Untracked 
|  69|0x0000000087500000, 0x0000000087500000, 0x0000000087600000|  0%| F|  |TAMS 0x0000000087500000| PB 0x0000000087500000| Untracked 
|  70|0x0000000087600000, 0x0000000087600000, 0x0000000087700000|  0%| F|  |TAMS 0x0000000087600000| PB 0x0000000087600000| Untracked 
|  71|0x0000000087700000, 0x0000000087700000, 0x0000000087800000|  0%| F|  |TAMS 0x0000000087700000| PB 0x0000000087700000| Untracked 
|  72|0x0000000087800000, 0x0000000087800000, 0x0000000087900000|  0%| F|  |TAMS 0x0000000087800000| PB 0x0000000087800000| Untracked 
|  73|0x0000000087900000, 0x0000000087900000, 0x0000000087a00000|  0%| F|  |TAMS 0x0000000087900000| PB 0x0000000087900000| Untracked 
|  74|0x0000000087a00000, 0x0000000087a00000, 0x0000000087b00000|  0%| F|  |TAMS 0x0000000087a00000| PB 0x0000000087a00000| Untracked 
|  75|0x0000000087b00000, 0x0000000087b00000, 0x0000000087c00000|  0%| F|  |TAMS 0x0000000087b00000| PB 0x0000000087b00000| Untracked 
|  76|0x0000000087c00000, 0x0000000087c00000, 0x0000000087d00000|  0%| F|  |TAMS 0x0000000087c00000| PB 0x0000000087c00000| Untracked 
|  77|0x0000000087d00000, 0x0000000087d00000, 0x0000000087e00000|  0%| F|  |TAMS 0x0000000087d00000| PB 0x0000000087d00000| Untracked 
|  78|0x0000000087e00000, 0x0000000087e00000, 0x0000000087f00000|  0%| F|  |TAMS 0x0000000087e00000| PB 0x0000000087e00000| Untracked 
|  79|0x0000000087f00000, 0x0000000087f00000, 0x0000000088000000|  0%| F|  |TAMS 0x0000000087f00000| PB 0x0000000087f00000| Untracked 
|  80|0x0000000088000000, 0x0000000088000000, 0x0000000088100000|  0%| F|  |TAMS 0x0000000088000000| PB 0x0000000088000000| Untracked 
|  81|0x0000000088100000, 0x0000000088100000, 0x0000000088200000|  0%| F|  |TAMS 0x0000000088100000| PB 0x0000000088100000| Untracked 
|  82|0x0000000088200000, 0x0000000088200000, 0x0000000088300000|  0%| F|  |TAMS 0x0000000088200000| PB 0x0000000088200000| Untracked 
|  83|0x0000000088300000, 0x0000000088300000, 0x0000000088400000|  0%| F|  |TAMS 0x0000000088300000| PB 0x0000000088300000| Untracked 
|  84|0x0000000088400000, 0x0000000088400000, 0x0000000088500000|  0%| F|  |TAMS 0x0000000088400000| PB 0x0000000088400000| Untracked 
|  85|0x0000000088500000, 0x0000000088500000, 0x0000000088600000|  0%| F|  |TAMS 0x0000000088500000| PB 0x0000000088500000| Untracked 
|  86|0x0000000088600000, 0x0000000088600000, 0x0000000088700000|  0%| F|  |TAMS 0x0000000088600000| PB 0x0000000088600000| Untracked 
|  87|0x0000000088700000, 0x0000000088700000, 0x0000000088800000|  0%| F|  |TAMS 0x0000000088700000| PB 0x0000000088700000| Untracked 
|  88|0x0000000088800000, 0x0000000088800000, 0x0000000088900000|  0%| F|  |TAMS 0x0000000088800000| PB 0x0000000088800000| Untracked 
|  89|0x0000000088900000, 0x0000000088900000, 0x0000000088a00000|  0%| F|  |TAMS 0x0000000088900000| PB 0x0000000088900000| Untracked 
|  90|0x0000000088a00000, 0x0000000088a00000, 0x0000000088b00000|  0%| F|  |TAMS 0x0000000088a00000| PB 0x0000000088a00000| Untracked 
|  91|0x0000000088b00000, 0x0000000088b00000, 0x0000000088c00000|  0%| F|  |TAMS 0x0000000088b00000| PB 0x0000000088b00000| Untracked 
|  92|0x0000000088c00000, 0x0000000088c00000, 0x0000000088d00000|  0%| F|  |TAMS 0x0000000088c00000| PB 0x0000000088c00000| Untracked 
|  93|0x0000000088d00000, 0x0000000088d00000, 0x0000000088e00000|  0%| F|  |TAMS 0x0000000088d00000| PB 0x0000000088d00000| Untracked 
|  94|0x0000000088e00000, 0x0000000088e00000, 0x0000000088f00000|  0%| F|  |TAMS 0x0000000088e00000| PB 0x0000000088e00000| Untracked 
|  95|0x0000000088f00000, 0x0000000088f00000, 0x0000000089000000|  0%| F|  |TAMS 0x0000000088f00000| PB 0x0000000088f00000| Untracked 
|  96|0x0000000089000000, 0x0000000089000000, 0x0000000089100000|  0%| F|  |TAMS 0x0000000089000000| PB 0x0000000089000000| Untracked 
|  97|0x0000000089100000, 0x0000000089100000, 0x0000000089200000|  0%| F|  |TAMS 0x0000000089100000| PB 0x0000000089100000| Untracked 
|  98|0x0000000089200000, 0x0000000089200000, 0x0000000089300000|  0%| F|  |TAMS 0x0000000089200000| PB 0x0000000089200000| Untracked 
|  99|0x0000000089300000, 0x0000000089300000, 0x0000000089400000|  0%| F|  |TAMS 0x0000000089300000| PB 0x0000000089300000| Untracked 
| 100|0x0000000089400000, 0x0000000089500000, 0x0000000089500000|100%| S|CS|TAMS 0x0000000089400000| PB 0x0000000089400000| Complete 
| 101|0x0000000089500000, 0x0000000089600000, 0x0000000089600000|100%| S|CS|TAMS 0x0000000089500000| PB 0x0000000089500000| Complete 
| 102|0x0000000089600000, 0x0000000089700000, 0x0000000089700000|100%| S|CS|TAMS 0x0000000089600000| PB 0x0000000089600000| Complete 
| 103|0x0000000089700000, 0x0000000089700000, 0x0000000089800000|  0%| F|  |TAMS 0x0000000089700000| PB 0x0000000089700000| Untracked 
| 104|0x0000000089800000, 0x0000000089800000, 0x0000000089900000|  0%| F|  |TAMS 0x0000000089800000| PB 0x0000000089800000| Untracked 
| 105|0x0000000089900000, 0x0000000089900000, 0x0000000089a00000|  0%| F|  |TAMS 0x0000000089900000| PB 0x0000000089900000| Untracked 
| 106|0x0000000089a00000, 0x0000000089a00000, 0x0000000089b00000|  0%| F|  |TAMS 0x0000000089a00000| PB 0x0000000089a00000| Untracked 
| 107|0x0000000089b00000, 0x0000000089b00000, 0x0000000089c00000|  0%| F|  |TAMS 0x0000000089b00000| PB 0x0000000089b00000| Untracked 
| 108|0x0000000089c00000, 0x0000000089c00000, 0x0000000089d00000|  0%| F|  |TAMS 0x0000000089c00000| PB 0x0000000089c00000| Untracked 
| 109|0x0000000089d00000, 0x0000000089d00000, 0x0000000089e00000|  0%| F|  |TAMS 0x0000000089d00000| PB 0x0000000089d00000| Untracked 
| 110|0x0000000089e00000, 0x0000000089e00000, 0x0000000089f00000|  0%| F|  |TAMS 0x0000000089e00000| PB 0x0000000089e00000| Untracked 
| 111|0x0000000089f00000, 0x0000000089f00000, 0x000000008a000000|  0%| F|  |TAMS 0x0000000089f00000| PB 0x0000000089f00000| Untracked 
| 112|0x000000008a000000, 0x000000008a000000, 0x000000008a100000|  0%| F|  |TAMS 0x000000008a000000| PB 0x000000008a000000| Untracked 
| 113|0x000000008a100000, 0x000000008a100000, 0x000000008a200000|  0%| F|  |TAMS 0x000000008a100000| PB 0x000000008a100000| Untracked 
| 114|0x000000008a200000, 0x000000008a200000, 0x000000008a300000|  0%| F|  |TAMS 0x000000008a200000| PB 0x000000008a200000| Untracked 
| 115|0x000000008a300000, 0x000000008a300000, 0x000000008a400000|  0%| F|  |TAMS 0x000000008a300000| PB 0x000000008a300000| Untracked 
| 116|0x000000008a400000, 0x000000008a400000, 0x000000008a500000|  0%| F|  |TAMS 0x000000008a400000| PB 0x000000008a400000| Untracked 
| 117|0x000000008a500000, 0x000000008a500000, 0x000000008a600000|  0%| F|  |TAMS 0x000000008a500000| PB 0x000000008a500000| Untracked 
| 118|0x000000008a600000, 0x000000008a600000, 0x000000008a700000|  0%| F|  |TAMS 0x000000008a600000| PB 0x000000008a600000| Untracked 
| 119|0x000000008a700000, 0x000000008a700000, 0x000000008a800000|  0%| F|  |TAMS 0x000000008a700000| PB 0x000000008a700000| Untracked 
| 120|0x000000008a800000, 0x000000008a891b50, 0x000000008a900000| 56%| E|  |TAMS 0x000000008a800000| PB 0x000000008a800000| Complete 
| 121|0x000000008a900000, 0x000000008aa00000, 0x000000008aa00000|100%| E|CS|TAMS 0x000000008a900000| PB 0x000000008a900000| Complete 
| 122|0x000000008aa00000, 0x000000008ab00000, 0x000000008ab00000|100%| E|CS|TAMS 0x000000008aa00000| PB 0x000000008aa00000| Complete 
| 123|0x000000008ab00000, 0x000000008ac00000, 0x000000008ac00000|100%| E|CS|TAMS 0x000000008ab00000| PB 0x000000008ab00000| Complete 
| 124|0x000000008ac00000, 0x000000008ad00000, 0x000000008ad00000|100%| E|CS|TAMS 0x000000008ac00000| PB 0x000000008ac00000| Complete 
| 125|0x000000008ad00000, 0x000000008ae00000, 0x000000008ae00000|100%| E|CS|TAMS 0x000000008ad00000| PB 0x000000008ad00000| Complete 

Card table byte_map: [0x00000242e24d0000,0x00000242e28c0000] _byte_map_base: 0x00000242e20b8000

Marking Bits: (CMBitMap*) 0x00000242ca988c80
 Bits: [0x00000242e28c0000, 0x00000242e4800000)

Polling page: 0x00000242c88d0000

Metaspace:

Usage:
  Non-class:      9.19 MB used.
      Class:    919.20 KB used.
       Both:     10.08 MB used.

Virtual space:
  Non-class space:       64.00 MB reserved,       9.25 MB ( 14%) committed,  1 nodes.
      Class space:        1.00 GB reserved,       1.00 MB ( <1%) committed,  1 nodes.
             Both:        1.06 GB reserved,      10.25 MB ( <1%) committed. 

Chunk freelists:
   Non-Class:  5.88 MB
       Class:  14.85 MB
        Both:  20.72 MB

MaxMetaspaceSize: unlimited
CompressedClassSpaceSize: 1.00 GB
Initial GC threshold: 21.00 MB
Current GC threshold: 21.00 MB
CDS: on
 - commit_granule_bytes: 65536.
 - commit_granule_words: 8192.
 - virtual_space_node_default_size: 8388608.
 - enlarge_chunks_in_place: 1.
 - use_allocation_guard: 0.


Internal statistics:

num_allocs_failed_limit: 0.
num_arena_births: 170.
num_arena_deaths: 0.
num_vsnodes_births: 2.
num_vsnodes_deaths: 0.
num_space_committed: 164.
num_space_uncommitted: 0.
num_chunks_returned_to_freelist: 0.
num_chunks_taken_from_freelist: 419.
num_chunk_merges: 0.
num_chunk_splits: 296.
num_chunks_enlarged: 224.
num_inconsistent_stats: 0.

CodeHeap 'non-profiled nmethods': size=120000Kb used=352Kb max_used=352Kb free=119647Kb
 bounds [0x00000242da880000, 0x00000242daaf0000, 0x00000242e1db0000]
CodeHeap 'profiled nmethods': size=120000Kb used=1605Kb max_used=1605Kb free=118394Kb
 bounds [0x00000242d2db0000, 0x00000242d3020000, 0x00000242da2e0000]
CodeHeap 'non-nmethods': size=5760Kb used=1808Kb max_used=1824Kb free=3951Kb
 bounds [0x00000242da2e0000, 0x00000242da550000, 0x00000242da880000]
 total_blobs=1633 nmethods=966 adapters=572
 compilation: enabled
              stopped_count=0, restarted_count=0
 full_count=0

Compilation events (20 events):
Event: 2.054 Thread 0x00000242e7259de0 nmethod 951 0x00000242d2f3df10 code [0x00000242d2f3e140, 0x00000242d2f3e728]
Event: 2.054 Thread 0x00000242e7259de0  955       3       java.lang.invoke.InvokerBytecodeGenerator::emitStoreResult (27 bytes)
Event: 2.055 Thread 0x00000242e7259de0 nmethod 955 0x00000242d2f3ea10 code [0x00000242d2f3ebc0, 0x00000242d2f3eda0]
Event: 2.055 Thread 0x00000242e7259de0  956       3       java.lang.invoke.LambdaForm$NamedFunction::intrinsicName (21 bytes)
Event: 2.055 Thread 0x00000242e7259de0 nmethod 956 0x00000242d2f3ee90 code [0x00000242d2f3f040, 0x00000242d2f3f290]
Event: 2.055 Thread 0x00000242e7259de0  957       3       java.lang.invoke.InvokerBytecodeGenerator::refKindOpcode (112 bytes)
Event: 2.056 Thread 0x00000242e7259de0 nmethod 957 0x00000242d2f3f390 code [0x00000242d2f3f600, 0x00000242d2f3fe38]
Event: 2.057 Thread 0x00000242e7259de0  959       3       jdk.internal.org.objectweb.asm.MethodWriter::visitAbstractType (8 bytes)
Event: 2.057 Thread 0x00000242e7259de0 nmethod 959 0x00000242d2f40090 code [0x00000242d2f40240, 0x00000242d2f40378]
Event: 2.059 Thread 0x00000242e7259de0  963       3       java.lang.invoke.LambdaForm::returnType (26 bytes)
Event: 2.059 Thread 0x00000242e7259de0 nmethod 963 0x00000242d2f40490 code [0x00000242d2f40640, 0x00000242d2f407e8]
Event: 2.062 Thread 0x00000242e7259de0  964       3       androidx.compose.runtime.SlotWriter::groupIndexToAddress (21 bytes)
Event: 2.062 Thread 0x00000242e7259de0 nmethod 964 0x00000242d2f40910 code [0x00000242d2f40aa0, 0x00000242d2f40c10]
Event: 2.073 Thread 0x00000242e7259de0  966       3       java.lang.Integer::numberOfLeadingZeros (79 bytes)
Event: 2.073 Thread 0x00000242e7259de0 nmethod 966 0x00000242d2f40c90 code [0x00000242d2f40e40, 0x00000242d2f41108]
Event: 2.073 Thread 0x00000242e7259de0  965       3       java.lang.Float::isNaN (12 bytes)
Event: 2.074 Thread 0x00000242e7259de0 nmethod 965 0x00000242d2f41190 code [0x00000242d2f41320, 0x00000242d2f41488]
Event: 2.077 Thread 0x00000242e724d1a0 nmethod 942 0x00000242da8d6790 code [0x00000242da8d69c0, 0x00000242da8d7618]
Event: 2.077 Thread 0x00000242e724d1a0  952       4       jdk.internal.org.objectweb.asm.SymbolTable$Entry::<init> (17 bytes)
Event: 2.079 Thread 0x00000242e724d1a0 nmethod 952 0x00000242da8d7d90 code [0x00000242da8d7f20, 0x00000242da8d8158]

GC Heap History (2 events):
Event: 1.850 GC heap before
{Heap before GC invocations=0 (full 0):
 garbage-first heap   total 129024K, used 25600K [0x0000000083000000, 0x0000000100000000)
  region size 1024K, 23 young (23552K), 0 survivors (0K)
 Metaspace       used 8808K, committed 9024K, reserved 1114112K
  class space    used 737K, committed 832K, reserved 1048576K
}
Event: 1.856 GC heap after
{Heap after GC invocations=1 (full 0):
 garbage-first heap   total 129024K, used 5858K [0x0000000083000000, 0x0000000100000000)
  region size 1024K, 3 young (3072K), 3 survivors (3072K)
 Metaspace       used 8808K, committed 9024K, reserved 1114112K
  class space    used 737K, committed 832K, reserved 1048576K
}

Dll operation events (8 events):
Event: 0.020 Loaded shared library C:\Program Files\Java\jdk-21\bin\java.dll
Event: 0.093 Loaded shared library C:\Program Files\Java\jdk-21\bin\jsvml.dll
Event: 0.248 Loaded shared library C:\Program Files\Java\jdk-21\bin\net.dll
Event: 0.252 Loaded shared library C:\Program Files\Java\jdk-21\bin\nio.dll
Event: 0.261 Loaded shared library C:\Program Files\Java\jdk-21\bin\zip.dll
Event: 0.482 Loaded shared library C:\Program Files\Java\jdk-21\bin\jimage.dll
Event: 0.539 Loaded shared library C:\Users\salwa\.skiko\64f176e39f60453df1ebf3b490935ff01e2e8db2dfc6217e7f91aacb376d7385\skiko-windows-x64.dll
Event: 0.951 Loaded shared library C:\Program Files\Java\jdk-21\bin\awt.dll

Deoptimization events (20 events):
Event: 0.293 Thread 0x00000242c87e3e80 DEOPT PACKING pc=0x00000242d2db7e58 sp=0x000000ad67dfae60
Event: 0.293 Thread 0x00000242c87e3e80 DEOPT UNPACKING pc=0x00000242da3388e2 sp=0x000000ad67dfa2c8 mode 0
Event: 0.489 Thread 0x00000242c87e3e80 Uncommon trap: trap_request=0xffffff45 fr.pc=0x00000242da88cc90 relative=0x0000000000000070
Event: 0.489 Thread 0x00000242c87e3e80 Uncommon trap: reason=unstable_if action=reinterpret pc=0x00000242da88cc90 method=java.io.WinNTFileSystem.isSlash(C)Z @ 9 c2
Event: 0.489 Thread 0x00000242c87e3e80 DEOPT PACKING pc=0x00000242da88cc90 sp=0x000000ad67dfe7d0
Event: 0.489 Thread 0x00000242c87e3e80 DEOPT UNPACKING pc=0x00000242da337da2 sp=0x000000ad67dfe758 mode 2
Event: 1.175 Thread 0x00000242c87e3e80 Uncommon trap: trap_request=0xffffff45 fr.pc=0x00000242da89ca54 relative=0x0000000000000294
Event: 1.175 Thread 0x00000242c87e3e80 Uncommon trap: reason=unstable_if action=reinterpret pc=0x00000242da89ca54 method=jdk.internal.loader.URLClassPath.getLoader(I)Ljdk/internal/loader/URLClassPath$Loader; @ 19 c2
Event: 1.175 Thread 0x00000242c87e3e80 DEOPT PACKING pc=0x00000242da89ca54 sp=0x000000ad67dfc680
Event: 1.175 Thread 0x00000242c87e3e80 DEOPT UNPACKING pc=0x00000242da337da2 sp=0x000000ad67dfc618 mode 2
Event: 1.175 Thread 0x00000242c87e3e80 Uncommon trap: trap_request=0xffffff45 fr.pc=0x00000242da89b608 relative=0x0000000000000068
Event: 1.175 Thread 0x00000242c87e3e80 Uncommon trap: reason=unstable_if action=reinterpret pc=0x00000242da89b608 method=jdk.internal.loader.URLClassPath$JarLoader.ensureOpen()V @ 4 c2
Event: 1.175 Thread 0x00000242c87e3e80 DEOPT PACKING pc=0x00000242da89b608 sp=0x000000ad67dfc350
Event: 1.175 Thread 0x00000242c87e3e80 DEOPT UNPACKING pc=0x00000242da337da2 sp=0x000000ad67dfc2e8 mode 2
Event: 1.178 Thread 0x00000242c87e3e80 Uncommon trap: trap_request=0xffffff45 fr.pc=0x00000242da88dcb4 relative=0x0000000000000914
Event: 1.178 Thread 0x00000242c87e3e80 Uncommon trap: reason=unstable_if action=reinterpret pc=0x00000242da88dcb4 method=java.util.zip.ZipFile$Source.checkAndAddEntry(II)I @ 128 c2
Event: 1.178 Thread 0x00000242c87e3e80 DEOPT PACKING pc=0x00000242da88dcb4 sp=0x000000ad67dfbc50
Event: 1.178 Thread 0x00000242c87e3e80 DEOPT UNPACKING pc=0x00000242da337da2 sp=0x000000ad67dfbbc0 mode 2
Event: 1.423 Thread 0x00000242c87e3e80 DEOPT PACKING pc=0x00000242d2dca3a3 sp=0x000000ad67dfd6e0
Event: 1.423 Thread 0x00000242c87e3e80 DEOPT UNPACKING pc=0x00000242da3388e2 sp=0x000000ad67dfcb78 mode 0

Classes loaded (20 events):
Event: 2.072 Loading class java/awt/Component$3 done
Event: 2.072 Loading class java/awt/event/MouseListener
Event: 2.072 Loading class java/awt/event/MouseListener done
Event: 2.072 Loading class java/awt/event/MouseMotionListener
Event: 2.072 Loading class java/awt/event/MouseMotionListener done
Event: 2.072 Loading class java/awt/event/MouseWheelListener
Event: 2.072 Loading class java/awt/event/MouseWheelListener done
Event: 2.079 Loading class java/awt/Cursor
Event: 2.080 Loading class java/awt/Cursor done
Event: 2.080 Loading class java/awt/Cursor$1
Event: 2.080 Loading class sun/awt/AWTAccessor$CursorAccessor
Event: 2.080 Loading class sun/awt/AWTAccessor$CursorAccessor done
Event: 2.080 Loading class java/awt/Cursor$1 done
Event: 2.081 Loading class java/awt/BorderLayout
Event: 2.082 Loading class java/awt/LayoutManager2
Event: 2.082 Loading class java/awt/LayoutManager2 done
Event: 2.082 Loading class java/awt/BorderLayout done
Event: 2.083 Loading class java/awt/Rectangle
Event: 2.083 Loading class java/awt/Shape
Event: 2.084 Loading class java/awt/Shape done

Classes unloaded (0 events):
No events

Classes redefined (0 events):
No events

Internal exceptions (20 events):
Event: 1.446 Thread 0x00000242c87e3e80 Exception <a 'java/lang/NoSuchMethodError'{0x000000008a425df0}: 'java.lang.Object java.lang.invoke.DirectMethodHandle$Holder.invokeStatic(java.lang.Object, java.lang.Object, int, java.lang.Object)'> (0x000000008a425df0) 
thrown [s\open\src\hotspot\share\interpreter\linkResolver.cpp, line 773]
Event: 1.448 Thread 0x00000242c87e3e80 Exception <a 'java/lang/NoSuchMethodError'{0x000000008a42c1b0}: 'java.lang.Object java.lang.invoke.DirectMethodHandle$Holder.newInvokeSpecial(java.lang.Object, java.lang.Object, int)'> (0x000000008a42c1b0) 
thrown [s\open\src\hotspot\share\interpreter\linkResolver.cpp, line 773]
Event: 1.560 Thread 0x00000242c87e3e80 Exception <a 'java/lang/NoSuchMethodError'{0x000000008a210018}: 'java.lang.Object java.lang.invoke.DirectMethodHandle$Holder.invokeStaticInit(java.lang.Object, java.lang.Object, java.lang.Object)'> (0x000000008a210018) 
thrown [s\open\src\hotspot\share\interpreter\linkResolver.cpp, line 773]
Event: 1.697 Thread 0x00000242e7b62990 Exception <a 'java/lang/NoSuchMethodError'{0x0000000089c03ba0}: 'void java.lang.invoke.DirectMethodHandle$Holder.invokeStatic(java.lang.Object, java.lang.Object)'> (0x0000000089c03ba0) 
thrown [s\open\src\hotspot\share\interpreter\linkResolver.cpp, line 773]
Event: 1.816 Thread 0x00000242e7b62990 Exception <a 'java/lang/NoSuchMethodError'{0x00000000898a91d0}: 'int java.lang.invoke.DirectMethodHandle$Holder.invokeStaticInit(java.lang.Object, java.lang.Object, java.lang.Object)'> (0x00000000898a91d0) 
thrown [s\open\src\hotspot\share\interpreter\linkResolver.cpp, line 773]
Event: 1.918 Thread 0x00000242e7b62990 Exception <a 'java/lang/NoSuchMethodError'{0x000000008ab5df20}: 'int java.lang.invoke.DirectMethodHandle$Holder.invokeStatic(java.lang.Object)'> (0x000000008ab5df20) 
thrown [s\open\src\hotspot\share\interpreter\linkResolver.cpp, line 773]
Event: 1.919 Thread 0x00000242e7b62990 Exception <a 'java/lang/NoSuchMethodError'{0x000000008ab613e8}: 'int java.lang.invoke.DirectMethodHandle$Holder.invokeStaticInit(java.lang.Object)'> (0x000000008ab613e8) 
thrown [s\open\src\hotspot\share\interpreter\linkResolver.cpp, line 773]
Event: 1.978 Thread 0x00000242e7b62990 Exception <a 'java/lang/NoSuchMethodError'{0x000000008aa332b8}: 'java.lang.Object java.lang.invoke.DirectMethodHandle$Holder.invokeStatic(java.lang.Object, java.lang.Object, int, java.lang.Object, long)'> (0x000000008aa332b8) 
thrown [s\open\src\hotspot\share\interpreter\linkResolver.cpp, line 773]
Event: 1.980 Thread 0x00000242e7b62990 Exception <a 'java/lang/NoSuchMethodError'{0x000000008aa3a5a0}: 'java.lang.Object java.lang.invoke.DirectMethodHandle$Holder.newInvokeSpecial(java.lang.Object, java.lang.Object, int, java.lang.Object, long)'> (0x000000008aa3a5a0) 
thrown [s\open\src\hotspot\share\interpreter\linkResolver.cpp, line 773]
Event: 1.994 Thread 0x00000242e7b62990 Exception <a 'java/lang/NoSuchMethodError'{0x000000008aa8dc18}: 'java.lang.Object java.lang.invoke.DirectMethodHandle$Holder.newInvokeSpecial(java.lang.Object, java.lang.Object, java.lang.Object, java.lang.Object, java.lang.Object, java.lang.Object, java.lang.Object)'> (0x000000008aa8dc18) 
thrown [s\open\src\hotspot\share\interpreter\linkResolver.cpp, line 773]
Event: 2.021 Thread 0x00000242e7b62990 Exception <a 'java/lang/NoSuchMethodError'{0x000000008a925718}: 'java.lang.Object java.lang.invoke.DirectMethodHandle$Holder.newInvokeSpecial(java.lang.Object, java.lang.Object, java.lang.Object, java.lang.Object, java.lang.Object, java.lang.Object)'> (0x000000008a925718) 
thrown [s\open\src\hotspot\share\interpreter\linkResolver.cpp, line 773]
Event: 2.023 Thread 0x00000242e7b62990 Exception <a 'java/lang/NoSuchMethodError'{0x000000008a92ddb8}: 'java.lang.Object java.lang.invoke.DirectMethodHandle$Holder.invokeStatic(java.lang.Object, java.lang.Object, java.lang.Object, java.lang.Object, java.lang.Object, java.lang.Object, java.lang.Object, java.lang.Object, java.lang.Object, java.lang.Object, java.lang.Object, java.lang.Object, java.lang.Object)'> (0x000000008a92ddb8) 
thrown [s\open\src\hotspot\share\interpreter\linkResolver.cpp, line 773]
Event: 2.024 Thread 0x00000242e7b62990 Exception <a 'java/lang/NoSuchMethodError'{0x000000008a939f58}: 'java.lang.Object java.lang.invoke.DirectMethodHandle$Holder.newInvokeSpecial(java.lang.Object, java.lang.Object, java.lang.Object, java.lang.Object, java.lang.Object, java.lang.Object, java.lang.Object, java.lang.Object, java.lang.Object, java.lang.Object, java.lang.Object, java.lang.Object)'> (0x000000008a939f58) 
thrown [s\open\src\hotspot\share\interpreter\linkResolver.cpp, line 773]
Event: 2.025 Thread 0x00000242e7b62990 Exception <a 'java/lang/NoSuchMethodError'{0x000000008a93f2f0}: 'java.lang.Object java.lang.invoke.DirectMethodHandle$Holder.invokeSpecial(java.lang.Object, java.lang.Object, java.lang.Object, java.lang.Object, java.lang.Object, java.lang.Object, java.lang.Object, java.lang.Object, java.lang.Object, java.lang.Object, java.lang.Object, java.lang.Object, java.lang.Object)'> (0x000000008a93f2f0) 
thrown [s\open\src\hotspot\share\interpreter\linkResolver.cpp, line 773]
Event: 2.025 Thread 0x00000242e7b62990 Exception <a 'java/lang/NoSuchMethodError'{0x000000008a943330}: 'java.lang.Object java.lang.invoke.Invokers$Holder.linkToTargetMethod(java.lang.Object, java.lang.Object, java.lang.Object, java.lang.Object, java.lang.Object, java.lang.Object, java.lang.Object, java.lang.Object, java.lang.Object, java.lang.Object, java.lang.Object, java.lang.Object)'> (0x000000008a943330) 
thrown [s\open\src\hotspot\share\interpreter\linkResolver.cpp, line 773]
Event: 2.038 Thread 0x00000242e7b62990 Exception <a 'java/lang/NoSuchMethodError'{0x000000008a9a6d18}: 'java.lang.Object java.lang.invoke.DirectMethodHandle$Holder.newInvokeSpecial(java.lang.Object, java.lang.Object, java.lang.Object, java.lang.Object, java.lang.Object, java.lang.Object, java.lang.Object, java.lang.Object)'> (0x000000008a9a6d18) 
thrown [s\open\src\hotspot\share\interpreter\linkResolver.cpp, line 773]
Event: 2.050 Thread 0x00000242e7b62990 Exception <a 'java/lang/NoSuchMethodError'{0x000000008a9e8a70}: 'java.lang.Object java.lang.invoke.DirectMethodHandle$Holder.newInvokeSpecial(java.lang.Object, int, java.lang.Object)'> (0x000000008a9e8a70) 
thrown [s\open\src\hotspot\share\interpreter\linkResolver.cpp, line 773]
Event: 2.058 Thread 0x00000242e7b62990 Exception <a 'java/lang/NoSuchMethodError'{0x000000008a80af20}: 'java.lang.Object java.lang.invoke.DirectMethodHandle$Holder.newInvokeSpecial(java.lang.Object, java.lang.Object, java.lang.Object, int)'> (0x000000008a80af20) 
thrown [s\open\src\hotspot\share\interpreter\linkResolver.cpp, line 773]
Event: 2.059 Thread 0x00000242e7b62990 Exception <a 'java/lang/NoSuchMethodError'{0x000000008a80f088}: 'java.lang.Object java.lang.invoke.DirectMethodHandle$Holder.invokeSpecial(java.lang.Object, java.lang.Object, java.lang.Object, java.lang.Object, int)'> (0x000000008a80f088) 
thrown [s\open\src\hotspot\share\interpreter\linkResolver.cpp, line 773]
Event: 2.059 Thread 0x00000242e7b62990 Exception <a 'java/lang/NoSuchMethodError'{0x000000008a8129e0}: 'java.lang.Object java.lang.invoke.Invokers$Holder.linkToTargetMethod(java.lang.Object, java.lang.Object, int, java.lang.Object)'> (0x000000008a8129e0) 
thrown [s\open\src\hotspot\share\interpreter\linkResolver.cpp, line 773]

ZGC Phase Switch (0 events):
No events

VM Operations (10 events):
Event: 0.263 Executing VM operation: HandshakeAllThreads (Deoptimize)
Event: 0.263 Executing VM operation: HandshakeAllThreads (Deoptimize) done
Event: 0.489 Executing VM operation: HandshakeAllThreads (Deoptimize)
Event: 0.489 Executing VM operation: HandshakeAllThreads (Deoptimize) done
Event: 1.310 Executing VM operation: HandshakeAllThreads (Deoptimize)
Event: 1.310 Executing VM operation: HandshakeAllThreads (Deoptimize) done
Event: 1.310 Executing VM operation: Cleanup
Event: 1.310 Executing VM operation: Cleanup done
Event: 1.850 Executing VM operation: G1CollectForAllocation (G1 Evacuation Pause)
Event: 1.856 Executing VM operation: G1CollectForAllocation (G1 Evacuation Pause) done

Events (20 events):
Event: 0.088 Thread 0x00000242e723dbd0 Thread added: 0x00000242e723dbd0
Event: 0.088 Thread 0x00000242e7243280 Thread added: 0x00000242e7243280
Event: 0.088 Thread 0x00000242e72442c0 Thread added: 0x00000242e72442c0
Event: 0.089 Thread 0x00000242e72472d0 Thread added: 0x00000242e72472d0
Event: 0.089 Thread 0x00000242e72498a0 Thread added: 0x00000242e72498a0
Event: 0.089 Thread 0x00000242e724d1a0 Thread added: 0x00000242e724d1a0
Event: 0.089 Thread 0x00000242e7259de0 Thread added: 0x00000242e7259de0
Event: 0.239 Thread 0x00000242e7525170 Thread added: 0x00000242e7525170
Event: 0.244 Thread 0x00000242e7536190 Thread added: 0x00000242e7536190
Event: 0.310 Thread 0x00000242e7535100 Thread added: 0x00000242e7535100
Event: 0.647 Thread 0x00000242e7535100 Thread exited: 0x00000242e7535100
Event: 1.268 Thread 0x00000242e79a5eb0 Thread added: 0x00000242e79a5eb0
Event: 1.273 Thread 0x00000242e79a68e0 Thread added: 0x00000242e79a68e0
Event: 1.275 Thread 0x00000242e7ac6320 Thread added: 0x00000242e7ac6320
Event: 1.578 Thread 0x00000242e7b3ee10 Thread added: 0x00000242e7b3ee10
Event: 1.578 Thread 0x00000242e7b3f470 Thread added: 0x00000242e7b3f470
Event: 1.579 Thread 0x00000242e7b40270 Thread added: 0x00000242e7b40270
Event: 1.589 Thread 0x00000242e7b4d850 Thread added: 0x00000242e7b4d850
Event: 1.604 Thread 0x00000242e7b64a60 Thread added: 0x00000242e7b64a60
Event: 1.650 Thread 0x00000242e7b62990 Thread added: 0x00000242e7b62990


Dynamic libraries:
0x00007ff6e29a0000 - 0x00007ff6e29b0000 	C:\Program Files\Java\jdk-21\bin\java.exe
0x00007ffd92780000 - 0x00007ffd929e8000 	C:\WINDOWS\SYSTEM32\ntdll.dll
0x00007ffd4ecf0000 - 0x00007ffd4ed10000 	C:\Program Files\Avast Software\Avast\aswhook.dll
0x00007ffd91f30000 - 0x00007ffd91ff9000 	C:\WINDOWS\System32\KERNEL32.DLL
0x00007ffd8fd20000 - 0x00007ffd90118000 	C:\WINDOWS\System32\KERNELBASE.dll
0x00007ffd90120000 - 0x00007ffd9026b000 	C:\WINDOWS\System32\ucrtbase.dll
0x00007ffd87ee0000 - 0x00007ffd87ef9000 	C:\Program Files\Java\jdk-21\bin\jli.dll
0x00007ffd91610000 - 0x00007ffd916c4000 	C:\WINDOWS\System32\ADVAPI32.dll
0x00007ffd920c0000 - 0x00007ffd92169000 	C:\WINDOWS\System32\msvcrt.dll
0x00007ffd91550000 - 0x00007ffd915f6000 	C:\WINDOWS\System32\sechost.dll
0x00007ffd917c0000 - 0x00007ffd918d8000 	C:\WINDOWS\System32\RPCRT4.dll
0x00007ffd918e0000 - 0x00007ffd91aa7000 	C:\WINDOWS\System32\USER32.dll
0x00007ffd8fcf0000 - 0x00007ffd8fd17000 	C:\WINDOWS\System32\win32u.dll
0x00007ffd90da0000 - 0x00007ffd90dcb000 	C:\WINDOWS\System32\GDI32.dll
0x00007ffd8f8d0000 - 0x00007ffd8f9fc000 	C:\WINDOWS\System32\gdi32full.dll
0x00007ffd90270000 - 0x00007ffd90313000 	C:\WINDOWS\System32\msvcp_win.dll
0x00007ffd89660000 - 0x00007ffd8967b000 	C:\Program Files\Java\jdk-21\bin\VCRUNTIME140.dll
0x00007ffd7c600000 - 0x00007ffd7c894000 	C:\WINDOWS\WinSxS\amd64_microsoft.windows.common-controls_6595b64144ccf1df_6.0.26100.7019_none_3e06ffa0e335b8a8\COMCTL32.dll
0x00007ffd89290000 - 0x00007ffd8929b000 	C:\WINDOWS\SYSTEM32\VERSION.dll
0x00007ffd92080000 - 0x00007ffd920b1000 	C:\WINDOWS\System32\IMM32.DLL
0x00007ffd8a510000 - 0x00007ffd8a51c000 	C:\Program Files\Java\jdk-21\bin\vcruntime140_1.dll
0x00007ffd7f320000 - 0x00007ffd7f3ae000 	C:\Program Files\Java\jdk-21\bin\msvcp140.dll
0x00007ffcbdd10000 - 0x00007ffcbea2d000 	C:\Program Files\Java\jdk-21\bin\server\jvm.dll
0x00007ffd92000000 - 0x00007ffd92074000 	C:\WINDOWS\System32\WS2_32.dll
0x00007ffd8f750000 - 0x00007ffd8f7ae000 	C:\WINDOWS\SYSTEM32\POWRPROF.dll
0x00007ffd7f1d0000 - 0x00007ffd7f205000 	C:\WINDOWS\SYSTEM32\WINMM.dll
0x00007ffd8f730000 - 0x00007ffd8f744000 	C:\WINDOWS\SYSTEM32\UMPDC.dll
0x00007ffd8e660000 - 0x00007ffd8e67b000 	C:\WINDOWS\SYSTEM32\kernel.appcore.dll
0x00007ffd89c80000 - 0x00007ffd89c8a000 	C:\Program Files\Java\jdk-21\bin\jimage.dll
0x00007ffd8d180000 - 0x00007ffd8d3c2000 	C:\WINDOWS\SYSTEM32\DBGHELP.DLL
0x00007ffd90dd0000 - 0x00007ffd9115b000 	C:\WINDOWS\System32\combase.dll
0x00007ffd91470000 - 0x00007ffd91547000 	C:\WINDOWS\System32\OLEAUT32.dll
0x00007ffd82040000 - 0x00007ffd8207c000 	C:\WINDOWS\SYSTEM32\dbgcore.DLL
0x00007ffd90470000 - 0x00007ffd90515000 	C:\WINDOWS\System32\bcryptPrimitives.dll
0x00007ffd87cb0000 - 0x00007ffd87ccf000 	C:\Program Files\Java\jdk-21\bin\java.dll
0x00007ffd90630000 - 0x00007ffd90d7f000 	C:\WINDOWS\System32\SHELL32.dll
0x00007ffd8fb80000 - 0x00007ffd8fceb000 	C:\WINDOWS\System32\wintypes.dll
0x00007ffd8d4d0000 - 0x00007ffd8dd2d000 	C:\WINDOWS\SYSTEM32\windows.storage.dll
0x00007ffd91180000 - 0x00007ffd91272000 	C:\WINDOWS\System32\SHCORE.dll
0x00007ffd91750000 - 0x00007ffd917b7000 	C:\WINDOWS\System32\shlwapi.dll
0x00007ffd8f7f0000 - 0x00007ffd8f819000 	C:\WINDOWS\SYSTEM32\profapi.dll
0x00007ffd554c0000 - 0x00007ffd55597000 	C:\Program Files\Java\jdk-21\bin\jsvml.dll
0x00007ffd87c80000 - 0x00007ffd87c90000 	C:\Program Files\Java\jdk-21\bin\net.dll
0x00007ffd86370000 - 0x00007ffd86498000 	C:\WINDOWS\SYSTEM32\WINHTTP.dll
0x00007ffd8ec00000 - 0x00007ffd8ec6b000 	C:\WINDOWS\system32\mswsock.dll
0x00007ffd826b0000 - 0x00007ffd826c6000 	C:\Program Files\Java\jdk-21\bin\nio.dll
0x00007ffd87c90000 - 0x00007ffd87ca8000 	C:\Program Files\Java\jdk-21\bin\zip.dll
0x00007ffcc3e40000 - 0x00007ffcc4a5f000 	C:\Users\salwa\.skiko\64f176e39f60453df1ebf3b490935ff01e2e8db2dfc6217e7f91aacb376d7385\skiko-windows-x64.dll
0x00007ffd91b60000 - 0x00007ffd91cf7000 	C:\WINDOWS\System32\ole32.dll
0x00007ffd8ca00000 - 0x00007ffd8ca30000 	C:\WINDOWS\SYSTEM32\dwmapi.dll
0x00007ffd8a3b0000 - 0x00007ffd8a4b3000 	C:\WINDOWS\SYSTEM32\PROPSYS.dll
0x00007ffd53960000 - 0x00007ffd53aef000 	C:\Program Files\Java\jdk-21\bin\awt.dll
0x00007ffd8c4f0000 - 0x00007ffd8c58f000 	C:\WINDOWS\SYSTEM32\apphelp.dll
0x00007ffd8c770000 - 0x00007ffd8c81a000 	C:\WINDOWS\system32\uxtheme.dll
0x00007ffd91dc0000 - 0x00007ffd91f1e000 	C:\WINDOWS\System32\MSCTF.dll
0x00007ffd63f70000 - 0x00007ffd6407c000 	C:\WINDOWS\system32\opengl32.dll
0x00007ffd63f00000 - 0x00007ffd63f2d000 	C:\WINDOWS\SYSTEM32\GLU32.dll
0x00007ffd8c850000 - 0x00007ffd8c893000 	C:\WINDOWS\SYSTEM32\dxcore.dll

dbghelp: loaded successfully - version: 4.0.5 - missing functions: none
symbol engine: initialized successfully - sym options: 0x614 - pdb path: .;C:\Program Files\Java\jdk-21\bin;C:\WINDOWS\SYSTEM32;C:\Program Files\Avast Software\Avast;C:\WINDOWS\WinSxS\amd64_microsoft.windows.common-controls_6595b64144ccf1df_6.0.26100.7019_none_3e06ffa0e335b8a8;C:\Program Files\Java\jdk-21\bin\server;C:\Users\salwa\.skiko\64f176e39f60453df1ebf3b490935ff01e2e8db2dfc6217e7f91aacb376d7385

VM Arguments:
jvm_args: -Dcompose.application.configure.swing.globals=true -Dcompose.application.resources.dir=C:\Users\salwa\Projet_architecture\V.A.M.I.S_software_archi_project\composeApp\build\compose\tmp\prepareAppResources -Dfile.encoding=UTF-8 -Duser.country=BE -Duser.language=fr -Duser.variant 
java_command: be.ecam.companion.MainKt
java_class_path (initial): C:\Users\salwa\Projet_architecture\V.A.M.I.S_software_archi_project\composeApp\build\libs\composeApp-jvm.jar;C:\Users\salwa\Projet_architecture\V.A.M.I.S_software_archi_project\shared\build\libs\shared-jvm.jar;C:\Users\salwa\.gradle\caches\modules-2\files-2.1\io.ktor\ktor-client-content-negotiation-jvm\3.3.0\76bb0c8ccadbd9a223a2ac6afca4a1f8f2bb4fee\ktor-client-content-negotiation-jvm-3.3.0.jar;C:\Users\salwa\.gradle\caches\modules-2\files-2.1\io.ktor\ktor-client-java-jvm\3.3.0\b83deb3de53f2bc91248447a927fd17554c126f1\ktor-client-java-jvm-3.3.0.jar;C:\Users\salwa\.gradle\caches\modules-2\files-2.1\io.ktor\ktor-client-core-jvm\3.3.0\29608f1fee6d4eee03a91c04f43c2043def362f5\ktor-client-core-jvm-3.3.0.jar;C:\Users\salwa\.gradle\caches\modules-2\files-2.1\org.jetbrains.kotlinx\kotlinx-coroutines-slf4j\1.10.2\1271f9d4a929150bb87ab8d1dc1e86d4bcf039f3\kotlinx-coroutines-slf4j-1.10.2.jar;C:\Users\salwa\.gradle\caches\modules-2\files-2.1\org.jetbrains.compose.material3\material3-desktop\1.8.2\1f1f838506ceb2c25499517559f120517770b014\material3-desktop-1.8.2.jar;C:\Users\salwa\.gradle\caches\modules-2\files-2.1\org.jetbrains.compose.components\components-resources-desktop\1.9.0\263d44e856cb89a759959eec68dafae6d1931110\library-desktop-1.9.0.jar;C:\Users\salwa\.gradle\caches\modules-2\files-2.1\io.insert-koin\koin-compose-viewmodel-jvm\4.1.1\fcffab0cbbcded47163c77e5c266dd873afe5cb6\koin-compose-viewmodel-jvm-4.1.1.jar;C:\Users\salwa\.gradle\caches\modules-2\files-2.1\io.insert-koin\koin-compose-jvm\4.1.1\dc80a9382d5aac65a631b434b40fd3b6bca70d5e\koin-compose-jvm-4.1.1.jar;C:\Users\salwa\.gradle\caches\modules-2\files-2.1\org.jetbrains.compose.desktop\desktop-jvm\1.9.0\760a7f1c3278719f2ab9fa443228956e64a7a18e\desktop-jvm-1.9.0.jar;C:\Users\salwa\.gradle\caches\modules-2\files-2.1\org.jetbrains.compose.material\material-desktop\1.9.0\67e948eefe3e565d3be2ddf0918a12f676537b0d\material-desktop-1.9.0.jar;C:\Users\salwa\.gradle\caches\modules-2\files-2.1\org.jetbrains.compose.material\material-ripple-desktop\1.9.0\b0741397d2a9b93d7c9510c68196a27b717c07e9\material-ripple-desktop-1.9.0.jar;C:\Users\salwa\.gradle\caches\modules-2\files-2.1\org.jetbrains.compose.foundation\foundation-desktop\1.9.0\1c47d1cd5a534a3452cff4520232a1483b87b73c\foundation-desktop-1.9.0.jar;C:\Users\salwa\.gradle\caches\modules-2\files-2.1\org.jetbrains.compose.material\material-icons-extended-desktop\1.7.3\c7c5465dd754043076875b32bce0dd7f5a354fe8\material-icons-extended-desktop-1.7.3.jar;C:\Users\salwa\.gradle\caches\modules-2\files-2.1\org.jetbrains.androidx.lifecycle\lifecycle-viewmodel-compose-desktop\2.9.4\3db38ae3bd43a1072e3b47e3175d582740f5b0df\lifecycle-viewmodel-compose-desktop-2.9.4.jar;C:\Users\salwa\.gradle\caches\modules-2\files-2.1\org.jetbrains.compose.animation\animation-desktop\1.9.0\74ac0663bbdcb8dd7bdbce475d3555ff80bd6d4c\animation-desktop-1.9.0.jar;C:\Users\salwa\.gradle\caches\modules-2\files-2.1\org.jetbrains.compose.foundation\foundation-layout-desktop\1.9.0\1046ee6bfb6a1494a946af7a4ab0f63226412f13\foundation-layout-desktop-1.9.0.jar;C:\Users\salwa\.gradle\caches\modules-2\files-2.1\org.jetbrains.compose.material\material-icons-core-desktop\1.7.3\414b3096050fe647b0638832eace80f22c06b85c\material-icons-core-desktop-1.7.3.jar;C:\Users\salwa\.gradle\caches\modules-2\files-2.1\org.jetbrains.compose.animation\animation-core-desktop\1.9.0\47a335ae4cb43a1e5f950a1a6a44ac86be531ba5\animation-core-desktop-1.9.0.jar;C:\Users\salwa\.gradle\caches\modules-2\files-2.1\org.jetbrains.compose.ui\ui-desktop\1.9.0\bb4a24cfc5fa6cf22feb0aeab4c4ffa48587b017\ui-desktop-1.9.0.jar;C:\Users\salwa\.gradle\caches\modules-2\files-2.1\io.ktor\ktor-serialization-kotlinx-json-jvm\3.3.0\8d1c7508fef56af92e6f3987e4df926ae322ac5b\ktor-serialization-kotlinx-json-jvm-3.3.0.jar;C:\Users\salwa\.gradle\caches\modules-2\files-2.1\org.jetbrains.skiko\skiko-awt-runtime-windows-x64\0.9.22.2\fe554a74845abbd5710ef36d27421c470bbd996f\skiko-awt-runtime-windows-x64-0.9.22.2.jar;C:\Users\salwa\.gradle\caches\modules-2\files-2.1\org.jetbrains.compose.ui\ui-text-desktop\1.9.0\bd0f7eca77ec10ff33a8dcad3ea6ee7845015ab5\ui-text-desktop-1.9.0.jar;C:\Users\salwa\.gradle\caches\modules-2\files-2.1\org.jetbrains.compose.ui\ui-graphics-desktop\1.9.0\94e03ee7a8da852f08141b07241de12161a50e37\ui-graphics-desktop-1.9.0.jar;C:\Users\salwa\.gradle\caches\modules-2\files-2.1\org.jetbrains.skiko\skiko-awt\0.9.22.2\f1dab255d499b8ef215b308b531de32029c41dd6\skiko-awt-0.9.22.2.jar;C:\Users\salwa\.gradle\caches\modules-2\files-2.1\org.jetbrains.kotlinx\kotlinx-coroutines-jdk8\1.10.2\809f71bf722bad7e78ebe8ec710c0327c23b7a31\kotlinx-coroutines-jdk8-1.10.2.jar;C:\Users\salwa\.gradle\caches\modules-2\files-2.1\org.jetbrains.compose.ui\ui-backhandler-desktop\1.9.0\b7f509317df9bd537c4458bcae9239caa7b57d65\ui-backhandler-desktop-1.9.0.jar;C:\Users\salwa\.gradle\caches\modules-2\files-2.1\org.jetbrains.compose.runtime\runtime-saveable-desktop\1.9.0\9042b058ca16dc3e1152426135b6114eee341a32\runtime-saveable-desktop-1.9.0.jar;C:\Users\salwa\.gradle\caches\modules-2\files-2.1\org.jetbrains.androidx.lifecycle\lifecycle-runtime-compose-desktop\2.9.4\d5f410ad59a2cf2a77fa0bc6a80268e3136e00aa\lifecycle-runtime-compose-desktop-2.9.4.jar;C:\Users\salwa\.gradle\caches\modules-2\files-2.1\org.jetbrains.compose.ui\ui-unit-desktop\1.9.0\4ff1a779620c559d32f1a915186ee60519a62950\ui-unit-desktop-1.9.0.jar;C:\Users\salwa\.gradle\caches\modules-2\files-2.1\org.jetbrains.compose.ui\ui-geometry-desktop\1.9.0\606e5a5b02206cc37f413369647eadc2dc577fee\ui-geometry-desktop-1.9.0.jar;C:\Users\salwa\.gradle\caches\modules-2\files-2.1\org.jetbrains.compose.ui\ui-tooling-preview-desktop\1.9.0\75badc23517c7b5385e9b307a3b215e61bb7c56e\ui-tooling-preview-desktop-1.9.0.jar;C:\Users\salwa\.gradle\caches\modules-2\files-2.1\org.jetbrains.androidx.savedstate\savedstate-compose-desktop\1.3.4\9d8414669e7651d086fe84dc0f940cd16abd6412\savedstate-compose-desktop-1.3.4.jar;C:\Users\salwa\.gradle\caches\modules-2\files-2.1\org.jetbrains.compose.runtime\runtime-desktop\1.9.0\edbd39fc9691f4ba1e29c6690341148db4272752\runtime-desktop-1.9.0.jar;C:\Users\salwa\.gradle\caches\modules-2\files-2.1\androidx.compose.runtime\runtime-annotation-jvm\1.9.0\3195cb969ccebf099b765ecbf41e563c73eaf356\runtime-annotation-jvm-1.9.0.jar;C:\Users\salwa\.gradle\caches\modules-2\files-2.1\androidx.compose.runtime\runtime-desktop\1.9.0\80fd93a5f57cb75101c4a07c9398496c3cc10c1\runtime-desktop-1.9.0.jar;C:\Users\salwa\.gradle\caches\modules-2\files-2.1\io.ktor\ktor-http-cio-jvm\3.3.0\5107799ea75211704419342661cb4552e3fa74f7\ktor-http-cio-jvm-3.3.0.jar;C:\Users\salwa\.gradle\caches\modules-2\files-2.1\io.ktor\ktor-websocket-serialization-jvm\3.3.0\6b82e2bb17bc763dff14d07d8a0c275c27ad4bcf\ktor-websocket-serialization-jvm-3.3.0.jar;C:\Users\salwa\.gradle\caches\modules-2\files-2.1\io.ktor\ktor-serialization-kotlinx-jvm\3.3.0\f62c2f4f39c3fcddd790dccd3ae11005709e0cee\ktor-serialization-kotlinx-jvm-3.3.0.jar;C:\Users\salwa\.gradle\caches\modules-2\files-2.1\io.ktor\ktor-serialization-jvm\3.3.0\e56aab7a830a5e1b890aa8dd0a0f7b603552880\ktor-serialization-jvm-3.3.0.jar;C:\Users\salwa\.gradle\caches\modules-2\files-2.1\io.ktor\ktor-websockets-jvm\3.3.0\10743663e919fe33527367d3e43b940ae434aef1\ktor-websockets-jvm-3.3.0.jar;C:\Users\salwa\.gradle\caches\modules-2\files-2.1\io.ktor\ktor-http-jvm\3.3.0\8a42afc0f195c1be521ad91aa41055021fa3b94b\ktor-http-jvm-3.3.0.jar;C:\Users\salwa\.gradle\caches\modules-2\files-2.1\io.ktor\ktor-events-jvm\3.3.0\c8a50b2be72062ba419638034f9159ce8122cad\ktor-events-jvm-3.3.0.jar;C:\Users\salwa\.gradle\caches\modules-2\files-2.1\io.ktor\ktor-sse-jvm\3.3.0\6f8a76ce7ffb1384108f216138db28a3b19c6144\ktor-sse-jvm-3.3.0.jar;C:\Users\salwa\.gradle\caches\modules-2\files-2.1\io.insert-koin\koin-core-viewmodel-jvm\4.1.1\aa4697be419a7c54d4725c068ea21032f9132f6\koin-core-viewmodel-jvm-4.1.1.jar;C:\Users\salwa\.gradle\caches\modules-2\files-2.1\androidx.lifecycle\lifecycle-viewmodel-savedstate-desktop\2.9.2\72a1919b08c5a4da224d8a65ce1589aa69934e8a\lifecycle-viewmodel-savedstate-desktop-2.9.2.jar;C:\Users\salwa\.gradle\caches\modules-2\files-2.1\androidx.lifecycle\lifecycle-viewmodel-desktop\2.9.2\93fee6d78f0df0e38f36e0fa2eff74f8da6d5481\lifecycle-viewmodel-desktop-2.9.2.jar;C:\Users\salwa\.gradle\caches\modules-2\files-2.1\androidx.lifecycle\lifecycle-runtime-desktop\2.9.2\1cc820319ec0139e76b8a2fe4be0b356b4e624c4\lifecycle-runtime-desktop-2.9.2.jar;C:\Users\salwa\.gradle\caches\modules-2\files-2.1\androidx.savedstate\savedstate-desktop\1.3.1\1c5bfc3fb56614538528060a06f2c03e34fa5188\savedstate-desktop-1.3.1.jar;C:\Users\salwa\.gradle\caches\modules-2\files-2.1\androidx.lifecycle\lifecycle-common-jvm\2.9.2\ab739bccdb3541983385af169565c7c035d897e7\lifecycle-common-jvm-2.9.2.jar;C:\Users\salwa\.gradle\caches\modules-2\files-2.1\io.ktor\ktor-network-jvm\3.3.0\eeddf5465e4e0d4265a73b35da4d71bbe3a1d73e\ktor-network-jvm-3.3.0.jar;C:\Users\salwa\.gradle\caches\modules-2\files-2.1\io.ktor\ktor-utils-jvm\3.3.0\2e8d26ef0c392e07b63460009776df0e7fea653e\ktor-utils-jvm-3.3.0.jar;C:\Users\salwa\.gradle\caches\modules-2\files-2.1\io.ktor\ktor-io-jvm\3.3.0\46a30b23c1138234d63d4e7e6531dc1dd0055228\ktor-io-jvm-3.3.0.jar;C:\Users\salwa\.gradle\caches\modules-2\files-2.1\org.jetbrains.kotlinx\kotlinx-coroutines-core-jvm\1.10.2\4a9f78ef49483748e2c129f3d124b8fa249dafbf\kotlinx-coroutines-core-jvm-1.10.2.jar;C:\Users\salwa\.gradle\caches\modules-2\files-2.1\org.jetbrains.kotlinx\kotlinx-coroutines-swing\1.10.2\ccb5a2e7c83fa76da0ba4677f05678d3bd3eed57\kotlinx-coroutines-swing-1.10.2.jar;C:\Users\salwa\.gradle\caches\modules-2\files-2.1\org.jetbrains.compose.components\components-ui-tooling-preview-desktop\1.9.0\5b3acb8bd7379767b72faafacfb25852a6d2d328\library-desktop-1.9.0.jar;C:\Users\salwa\.gradle\caches\modules-2\files-2.1\org.jetbrains.kotlinx\kotlinx-datetime-jvm\0.7.1\81c2e0246bd28cc2dcbdf0ab53628322e66a9de9\kotlinx-datetime-jvm-0.7.1.jar;C:\Users\salwa\.gradle\caches\modules-2\files-2.1\io.insert-koin\koin-core-jvm\4.1.1\c3347d7e3dbce55435cb9141956ec641b283cbbb\koin-core-jvm-4.1.1.jar;C:\Users\salwa\.gradle\caches\modules-2\files-2.1\org.jetbrains.kotlin\kotlin-stdlib-jdk8\2.1.21\fb62497994f5cfa4ad41fcff05020c35976307c6\kotlin-stdlib-jdk8-2.1.21.jar;C:\Users\salwa\.gradle\caches\modules-2\files-2.1\org.jetbrains.kotlinx\kotlinx-serialization-json-io-jvm\1.9.0\3a371942a591532d0d9245ca6787ee677853bebd\kotlinx-serialization-json-io-jvm-1.9.0.jar;C:\Users\salwa\.gradle\caches\modules-2\files-2.1\org.jetbrains.kotlinx\kotlinx-serialization-json-jvm\1.9.0\aea6f7d49fe5c458f8963ee6d4bdaf4a459ab3e7\kotlinx-serialization-json-jvm-1.9.0.jar;C:\Users\salwa\.gradle\caches\modules-2\files-2.1\org.jetbrains.kotlinx\kotlinx-serialization-core-jvm\1.9.0\91448df39c558f7c6147b8bd8db01debe16e0cc1\kotlinx-serialization-core-jvm-1.9.0.jar;C:\Users\salwa\.gradle\caches\modules-2\files-2.1\org.jetbrains.compose.ui\ui-util-desktop\1.9.0\3f9edd3d5eb28417c667ccbf2931416f3871ed40\ui-util-desktop-1.9.0.jar;C:\Users\salwa\.gradle\caches\modules-2\files-2.1\org.jetbrains.kotlinx\atomicfu-jvm\0.23.2\a4601dc42dceb031a586058e8356ff778a57dea0\atomicfu-jvm-0.23.2.jar;C:\Users\salwa\.gradle\caches\modules-2\files-2.1\androidx.collection\collection-jvm\1.5.0\7ba2c69414d46ebc2dd76598bdd0a75c54281a57\collection-jvm-1.5.0.jar;C:\Users\salwa\.gradle\caches\modules-2\files-2.1\androidx.arch.core\core-common\2.2.0\5e1b8b81dfd5f52c56a8d53b18ca759c19a301f3\core-common-2.2.0.jar;C:\Users\salwa\.gradle\caches\modules-2\files-2.1\androidx.annotation\annotation-jvm\1.9.1\b17951747e38bf3986a24431b9ba0d039958aa5f\annotation-jvm-1.9.1.jar;C:\Users\salwa\.gradle\caches\modules-2\files-2.1\org.jetbrains.kotlin\kotlin-stdlib-jdk7\2.1.21\f5e72fe5f9501e0d27ec633beb3996c29641b877\kotlin-stdlib-jdk7-2.1.21.jar;C:\Users\salwa\.gradle\caches\modules-2\files-2.1\co.touchlab\stately-concurrent-collections-jvm\2.1.0\5c03b644537d7926a8f77e5735a8bebb55dafdcd\stately-concurrent-collections-jvm-2.1.0.jar;C:\Users\salwa\.gradle\caches\modules-2\files-2.1\co.touchlab\stately-concurrency-jvm\2.1.0\6285428408c4d7e4a6d9a09511de877103effd81\stately-concurrency-jvm-2.1.0.jar;C:\Users\salwa\.gradle\caches\modules-2\files-2.1\co.touchlab\stately-strict-jvm\2.1.0\3ae8369209065455f4630793bf6aca0fb88c8b6b\stately-strict-jvm-2.1.0.jar;C:\Users\salwa\.gradle\caches\modules-2\files-2.1\org.jetbrains.kotlinx\kotlinx-io-core-jvm\0.8.0\358a9f2ba2dc81c5dc84c3d1853f6e5efba63be1\kotlinx-io-core-jvm-0.8.0.jar;C:\Users\salwa\.gradle\caches\modules-2\files-2.1\org.jetbrains.kotlinx\kotlinx-io-bytestring-jvm\0.8.0\89c5399596250e71f2bba6d2415972a078a525c7\kotlinx-io-bytestring-jvm-0.8.0.jar;C:\Users\salwa\.gradle\caches\modules-2\files-2.1\org.jetbrains.kotlin\kotlin-stdlib\2.2.20\5380b19fa1924399b62ce3a1faffebb2b4f82272\kotlin-stdlib-2.2.20.jar;C:\Users\salwa\.gradle\caches\modules-2\files-2.1\org.jetbrains\annotations\23.0.0\8cc20c07506ec18e0834947b84a864bfc094484e\annotations-23.0.0.jar;C:\Users\salwa\.gradle\caches\modules-2\files-2.1\org.slf4j\slf4j-api\2.0.17\d9e58ac9c7779ba3bf8142aff6c830617a7fe60f\slf4j-api-2.0.17.jar;C:\Users\salwa\.gradle\caches\modules-2\files-2.1\org.jetbrains.runtime\jbr-api\1.5.0\4158e485a7a4ecfd521e03095d81e0225529e8d2\jbr-api-1.5.0.jar;C:\Users\salwa\.gradle\caches\modules-2\files-2.1\org.jspecify\jspecify\1.0.0\7425a601c1c7ec76645a78d22b8c6a627edee507\jspecify-1.0.0.jar
Launcher Type: SUN_STANDARD

[Global flags]
     intx CICompilerCount                          = 4                                         {product} {ergonomic}
     uint ConcGCThreads                            = 2                                         {product} {ergonomic}
     uint G1ConcRefinementThreads                  = 8                                         {product} {ergonomic}
   size_t G1HeapRegionSize                         = 1048576                                   {product} {ergonomic}
    uintx GCDrainStackTargetSize                   = 64                                        {product} {ergonomic}
   size_t InitialHeapSize                          = 132120576                                 {product} {ergonomic}
   size_t MarkStackSize                            = 4194304                                   {product} {ergonomic}
   size_t MaxHeapSize                              = 2097152000                                {product} {ergonomic}
   size_t MaxNewSize                               = 1258291200                                {product} {ergonomic}
   size_t MinHeapDeltaBytes                        = 1048576                                   {product} {ergonomic}
   size_t MinHeapSize                              = 8388608                                   {product} {ergonomic}
    uintx NonNMethodCodeHeapSize                   = 5839372                                {pd product} {ergonomic}
    uintx NonProfiledCodeHeapSize                  = 122909434                              {pd product} {ergonomic}
    uintx ProfiledCodeHeapSize                     = 122909434                              {pd product} {ergonomic}
    uintx ReservedCodeCacheSize                    = 251658240                              {pd product} {ergonomic}
     bool SegmentedCodeCache                       = true                                      {product} {ergonomic}
   size_t SoftMaxHeapSize                          = 2097152000                             {manageable} {ergonomic}
     bool UseCompressedOops                        = true                           {product lp64_product} {ergonomic}
     bool UseG1GC                                  = true                                      {product} {ergonomic}
     bool UseLargePagesIndividualAllocation        = false                                  {pd product} {ergonomic}

Logging:
Log output configuration:
 #0: stdout all=warning uptime,level,tags foldmultilines=false
 #1: stderr all=off uptime,level,tags foldmultilines=false

Environment Variables:
PATH=C:\Program Files\Common Files\Oracle\Java\javapath;C:\Program Files\Eclipse Adoptium\jdk-11.0.26.4-hotspot\bin;C:\WINDOWS\system32;C:\WINDOWS;C:\WINDOWS\System32\Wbem;C:\WINDOWS\System32\WindowsPowerShell\v1.0\;C:\WINDOWS\System32\OpenSSH\;C:\Program Files\dotnet\;C:\Program Files\Git\cmd;C:\Program Files\Microchip\xc8\v2.50\bin;C:\Program Files\PuTTY\;C:\Program Files\nodejs\;C:\Program Files\Docker\Docker\resources\bin;C:\Users\salwa\AppData\Local\Microsoft\WindowsApps;C:\Users\salwa\AppData\Local\Programs\Python\Python39;C:\Users\salwa\AppData\Local\Programs\Python\Python39\scripts;C:\Users\salwa\AppData\Local\Programs\Microsoft VS Code\bin;C:\Users\salwa\.dotnet\tools;C:\Program Files\sf\bin;C:\Users\salwa\AppData\Roaming\npm;
USERNAME=salwa
OS=Windows_NT
PROCESSOR_IDENTIFIER=Intel64 Family 6 Model 126 Stepping 5, GenuineIntel
TMP=C:\Users\salwa\AppData\Local\Temp
TEMP=C:\Users\salwa\AppData\Local\Temp




Periodic native trim disabled

---------------  S Y S T E M  ---------------

OS:
 Windows 11 , 64 bit Build 26100 (10.0.26100.7019)
OS uptime: 0 days 4:17 hours
Hyper-V role detected

CPU: total 8 (initial active 8) (4 cores per cpu, 2 threads per core) family 6 model 126 stepping 5 microcode 0xa0, cx8, cmov, fxsr, ht, mmx, 3dnowpref, sse, sse2, sse3, ssse3, sse4.1, sse4.2, popcnt, lzcnt, tsc, tscinvbit, avx, avx2, aes, erms, clmul, bmi1, bmi2, adx, avx512f, avx512dq, avx512cd, avx512bw, avx512vl, sha, fma, vzeroupper, avx512_vpopcntdq, avx512_vpclmulqdq, avx512_vaes, avx512_vnni, clflush, clflushopt, avx512_vbmi2, avx512_vbmi, hv, rdtscp, rdpid, fsrm, gfni, avx512_bitalg, f16c, avx512_ifma
Processor Information for processor 0
  Max Mhz: 1501, Current Mhz: 1501, Mhz Limit: 1501
Processor Information for processor 1
  Max Mhz: 1501, Current Mhz: 1000, Mhz Limit: 1501
Processor Information for processor 2
  Max Mhz: 1501, Current Mhz: 1501, Mhz Limit: 1501
Processor Information for processor 3
  Max Mhz: 1501, Current Mhz: 1000, Mhz Limit: 1501
Processor Information for processor 4
  Max Mhz: 1501, Current Mhz: 1501, Mhz Limit: 1501
Processor Information for processor 5
  Max Mhz: 1501, Current Mhz: 1000, Mhz Limit: 1501
Processor Information for processor 6
  Max Mhz: 1501, Current Mhz: 1000, Mhz Limit: 1501
Processor Information for processor 7
  Max Mhz: 1501, Current Mhz: 1501, Mhz Limit: 1501

Memory: 4k page, system-wide physical 7997M (863M free)
TotalPageFile size 17781M (AvailPageFile size 2M)
current process WorkingSet (physical memory assigned to process): 91M, peak: 91M
current process commit charge ("private bytes"): 229M, peak: 229M

vm_info: Java HotSpot(TM) 64-Bit Server VM (21.0.8+12-LTS-250) for windows-amd64 JRE (21.0.8+12-LTS-250), built on 2025-06-27T08:11:22Z by "mach5one" with MS VC++ 17.6 (VS2022)

END.
