#
# There is insufficient memory for the Java Runtime Environment to continue.
# Native memory allocation (malloc) failed to allocate 1048576 bytes for AllocateHeap
# Possible reasons:
#   The system is out of physical RAM or swap space
#   The process is running with CompressedOops enabled, and the Java Heap may be blocking the growth of the native heap
# Possible solutions:
#   Reduce memory load on the system
#   Increase physical memory or swap space
#   Check if swap backing store is full
#   Decrease Java heap size (-Xmx/-Xms)
#   Decrease number of Java threads
#   Decrease Java thread stack sizes (-Xss)
#   Set larger code cache with -XX:ReservedCodeCacheSize=
#   JVM is running with Unscaled Compressed Oops mode in which the Java heap is
#     placed in the first 4GB address space. The Java Heap base address is the
#     maximum limit for the native heap growth. Please use -XX:HeapBaseMinAddress
#     to set the Java Heap base and to place the Java Heap above 4GB virtual address.
# This output file may be truncated or incomplete.
#
#  Out of Memory Error (allocation.cpp:44), pid=9116, tid=19476
#
# JRE version:  (21.0.8+12) (build )
# Java VM: Java HotSpot(TM) 64-Bit Server VM (21.0.8+12-LTS-250, mixed mode, sharing, tiered, compressed oops, compressed class ptrs, g1 gc, windows-amd64)
# No core dump will be written. Minidumps are not enabled by default on client versions of Windows
#

---------------  S U M M A R Y ------------

Command Line: -Dcompose.application.configure.swing.globals=true -Dcompose.application.resources.dir=C:\Users\salwa\Projet_architecture\V.A.M.I.S_software_archi_project\composeApp\build\compose\tmp\prepareAppResources -Dfile.encoding=UTF-8 -Duser.country=BE -Duser.language=fr -Duser.variant be.ecam.companion.MainKt

Host: Intel(R) Core(TM) i7-1065G7 CPU @ 1.30GHz, 8 cores, 7G,  Windows 11 , 64 bit Build 26100 (10.0.26100.7019)
Time: Thu Dec  4 15:27:54 2025 Paris, Madrid elapsed time: 0.018902 seconds (0d 0h 0m 0s)

---------------  T H R E A D  ---------------

Current thread (0x000001f08fbe16a0):  JavaThread "Unknown thread" [_thread_in_vm, id=19476, stack(0x0000002e11700000,0x0000002e11800000) (1024K)]

Stack: [0x0000002e11700000,0x0000002e11800000]
Native frames: (J=compiled Java code, j=interpreted, Vv=VM code, C=native code)
V  [jvm.dll+0x6cc179]
V  [jvm.dll+0x8584c1]
V  [jvm.dll+0x85a9ee]
V  [jvm.dll+0x85b0c3]
V  [jvm.dll+0x27ebf6]
V  [jvm.dll+0xbfae7]
V  [jvm.dll+0x326c95]
V  [jvm.dll+0x82183d]
V  [jvm.dll+0x3bc541]
V  [jvm.dll+0x80aaf8]
V  [jvm.dll+0x45172e]
V  [jvm.dll+0x453321]
C  [jli.dll+0x52a3]
C  [ucrtbase.dll+0x37b0]
C  [KERNEL32.DLL+0x2e8d7]
C  [ntdll.dll+0x8c53c]


---------------  P R O C E S S  ---------------

Threads class SMR info:
_java_thread_list=0x00007ff9464dfc48, length=0, elements={
}

Java Threads: ( => current thread )
Total: 0

Other Threads:

=>0x000001f08fbe16a0 (exited) JavaThread "Unknown thread"    [_thread_in_vm, id=19476, stack(0x0000002e11700000,0x0000002e11800000) (1024K)]
Total: 1

Threads with active compile tasks:
Total: 0

VM state: not at safepoint (not fully initialized)

VM Mutex/Monitor currently owned by a thread: None

Heap address: 0x0000000000000000, size: 0 MB, Compressed Oops mode: 32-bit

CDS archive(s) mapped at: [0x0000000000000000-0x0000000000000000-0x0000000000000000), size 0, SharedBaseAddress: 0x0000000800000000, ArchiveRelocationMode: 1.
Narrow klass base: 0x0000000000000000, Narrow klass shift: 0, Narrow klass range: 0x0

GC Precious Log:
 CardTable entry size: 512
 Card Set container configuration: InlinePtr #cards 5 size 8 Array Of Cards #cards 12 size 40 Howl #buckets 4 coarsen threshold 1843 Howl Bitmap #cards 512 size 80 coarsen threshold 460 Card regions per heap region 1 cards per card region 2048

GC Heap History (0 events):
No events

Dll operation events (1 events):
Event: 0.012 Loaded shared library C:\Program Files\Java\jdk-21\bin\java.dll

Deoptimization events (0 events):
No events

Classes loaded (0 events):
No events

Classes unloaded (0 events):
No events

Classes redefined (0 events):
No events

Internal exceptions (0 events):
No events

ZGC Phase Switch (0 events):
No events

VM Operations (0 events):
No events

Events (0 events):
No events


Dynamic libraries:
0x00007ff73ded0000 - 0x00007ff73dee0000 	C:\Program Files\Java\jdk-21\bin\java.exe
0x00007ff9f9a80000 - 0x00007ff9f9ce8000 	C:\WINDOWS\SYSTEM32\ntdll.dll
0x00007ff9e7630000 - 0x00007ff9e7650000 	C:\Program Files\Avast Software\Avast\aswhook.dll
0x00007ff9f7c00000 - 0x00007ff9f7cc9000 	C:\WINDOWS\System32\KERNEL32.DLL
0x00007ff9f6bd0000 - 0x00007ff9f6fc8000 	C:\WINDOWS\System32\KERNELBASE.dll
0x00007ff9f76d0000 - 0x00007ff9f781b000 	C:\WINDOWS\System32\ucrtbase.dll
0x00007ff9e6c20000 - 0x00007ff9e6c39000 	C:\Program Files\Java\jdk-21\bin\jli.dll
0x00007ff9e48f0000 - 0x00007ff9e490b000 	C:\Program Files\Java\jdk-21\bin\VCRUNTIME140.dll
0x00007ff9f7960000 - 0x00007ff9f7a14000 	C:\WINDOWS\System32\ADVAPI32.dll
0x00007ff9f9500000 - 0x00007ff9f95a9000 	C:\WINDOWS\System32\msvcrt.dll
0x00007ff9f7820000 - 0x00007ff9f78c6000 	C:\WINDOWS\System32\sechost.dll
0x00007ff9f82b0000 - 0x00007ff9f83c8000 	C:\WINDOWS\System32\RPCRT4.dll
0x00007ff9f7eb0000 - 0x00007ff9f8077000 	C:\WINDOWS\System32\USER32.dll
0x00007ff9f74b0000 - 0x00007ff9f74d7000 	C:\WINDOWS\System32\win32u.dll
0x00007ff9e3860000 - 0x00007ff9e3af4000 	C:\WINDOWS\WinSxS\amd64_microsoft.windows.common-controls_6595b64144ccf1df_6.0.26100.7019_none_3e06ffa0e335b8a8\COMCTL32.dll
0x00007ff9f7e70000 - 0x00007ff9f7e9b000 	C:\WINDOWS\System32\GDI32.dll
0x00007ff9f74e0000 - 0x00007ff9f760c000 	C:\WINDOWS\System32\gdi32full.dll
0x00007ff9f7350000 - 0x00007ff9f73f3000 	C:\WINDOWS\System32\msvcp_win.dll
0x00007ff9ef590000 - 0x00007ff9ef59b000 	C:\WINDOWS\SYSTEM32\VERSION.dll
0x00007ff9f8620000 - 0x00007ff9f8651000 	C:\WINDOWS\System32\IMM32.DLL
0x00007ff9e6860000 - 0x00007ff9e686c000 	C:\Program Files\Java\jdk-21\bin\vcruntime140_1.dll
0x00007ff9bda30000 - 0x00007ff9bdabe000 	C:\Program Files\Java\jdk-21\bin\msvcp140.dll
0x00007ff945910000 - 0x00007ff94662d000 	C:\Program Files\Java\jdk-21\bin\server\jvm.dll
0x00007ff9f81a0000 - 0x00007ff9f8214000 	C:\WINDOWS\System32\WS2_32.dll
0x00007ff9f6a50000 - 0x00007ff9f6aae000 	C:\WINDOWS\SYSTEM32\POWRPROF.dll
0x00007ff9e64a0000 - 0x00007ff9e64d5000 	C:\WINDOWS\SYSTEM32\WINMM.dll
0x00007ff9f6a30000 - 0x00007ff9f6a44000 	C:\WINDOWS\SYSTEM32\UMPDC.dll
0x00007ff9f5960000 - 0x00007ff9f597b000 	C:\WINDOWS\SYSTEM32\kernel.appcore.dll
0x00007ff9e6510000 - 0x00007ff9e651a000 	C:\Program Files\Java\jdk-21\bin\jimage.dll
0x00007ff9f4480000 - 0x00007ff9f46c2000 	C:\WINDOWS\SYSTEM32\DBGHELP.DLL
0x00007ff9f8a00000 - 0x00007ff9f8d8b000 	C:\WINDOWS\System32\combase.dll
0x00007ff9f83d0000 - 0x00007ff9f84a7000 	C:\WINDOWS\System32\OLEAUT32.dll
0x00007ff9e9380000 - 0x00007ff9e93bc000 	C:\WINDOWS\SYSTEM32\dbgcore.DLL
0x00007ff9f7400000 - 0x00007ff9f74a5000 	C:\WINDOWS\System32\bcryptPrimitives.dll
0x00007ff9e4880000 - 0x00007ff9e489f000 	C:\Program Files\Java\jdk-21\bin\java.dll

dbghelp: loaded successfully - version: 4.0.5 - missing functions: none
symbol engine: initialized successfully - sym options: 0x614 - pdb path: .;C:\Program Files\Java\jdk-21\bin;C:\WINDOWS\SYSTEM32;C:\Program Files\Avast Software\Avast;C:\WINDOWS\WinSxS\amd64_microsoft.windows.common-controls_6595b64144ccf1df_6.0.26100.7019_none_3e06ffa0e335b8a8;C:\Program Files\Java\jdk-21\bin\server

VM Arguments:
jvm_args: -Dcompose.application.configure.swing.globals=true -Dcompose.application.resources.dir=C:\Users\salwa\Projet_architecture\V.A.M.I.S_software_archi_project\composeApp\build\compose\tmp\prepareAppResources -Dfile.encoding=UTF-8 -Duser.country=BE -Duser.language=fr -Duser.variant 
java_command: be.ecam.companion.MainKt
java_class_path (initial): C:\Users\salwa\Projet_architecture\V.A.M.I.S_software_archi_project\composeApp\build\libs\composeApp-jvm.jar;C:\Users\salwa\Projet_architecture\V.A.M.I.S_software_archi_project\shared\build\libs\shared-jvm.jar;C:\Users\salwa\.gradle\caches\modules-2\files-2.1\io.ktor\ktor-client-content-negotiation-jvm\3.3.0\76bb0c8ccadbd9a223a2ac6afca4a1f8f2bb4fee\ktor-client-content-negotiation-jvm-3.3.0.jar;C:\Users\salwa\.gradle\caches\modules-2\files-2.1\io.ktor\ktor-client-java-jvm\3.3.0\b83deb3de53f2bc91248447a927fd17554c126f1\ktor-client-java-jvm-3.3.0.jar;C:\Users\salwa\.gradle\caches\modules-2\files-2.1\io.ktor\ktor-client-core-jvm\3.3.0\29608f1fee6d4eee03a91c04f43c2043def362f5\ktor-client-core-jvm-3.3.0.jar;C:\Users\salwa\.gradle\caches\modules-2\files-2.1\org.jetbrains.kotlinx\kotlinx-coroutines-slf4j\1.10.2\1271f9d4a929150bb87ab8d1dc1e86d4bcf039f3\kotlinx-coroutines-slf4j-1.10.2.jar;C:\Users\salwa\.gradle\caches\modules-2\files-2.1\org.jetbrains.compose.material3\material3-desktop\1.8.2\1f1f838506ceb2c25499517559f120517770b014\material3-desktop-1.8.2.jar;C:\Users\salwa\.gradle\caches\modules-2\files-2.1\org.jetbrains.compose.components\components-resources-desktop\1.9.0\263d44e856cb89a759959eec68dafae6d1931110\library-desktop-1.9.0.jar;C:\Users\salwa\.gradle\caches\modules-2\files-2.1\io.insert-koin\koin-compose-viewmodel-jvm\4.1.1\fcffab0cbbcded47163c77e5c266dd873afe5cb6\koin-compose-viewmodel-jvm-4.1.1.jar;C:\Users\salwa\.gradle\caches\modules-2\files-2.1\io.insert-koin\koin-compose-jvm\4.1.1\dc80a9382d5aac65a631b434b40fd3b6bca70d5e\koin-compose-jvm-4.1.1.jar;C:\Users\salwa\.gradle\caches\modules-2\files-2.1\org.jetbrains.compose.desktop\desktop-jvm\1.9.0\760a7f1c3278719f2ab9fa443228956e64a7a18e\desktop-jvm-1.9.0.jar;C:\Users\salwa\.gradle\caches\modules-2\files-2.1\org.jetbrains.compose.material\material-desktop\1.9.0\67e948eefe3e565d3be2ddf0918a12f676537b0d\material-desktop-1.9.0.jar;C:\Users\salwa\.gradle\caches\modules-2\files-2.1\org.jetbrains.compose.material\material-ripple-desktop\1.9.0\b0741397d2a9b93d7c9510c68196a27b717c07e9\material-ripple-desktop-1.9.0.jar;C:\Users\salwa\.gradle\caches\modules-2\files-2.1\org.jetbrains.compose.foundation\foundation-desktop\1.9.0\1c47d1cd5a534a3452cff4520232a1483b87b73c\foundation-desktop-1.9.0.jar;C:\Users\salwa\.gradle\caches\modules-2\files-2.1\org.jetbrains.compose.material\material-icons-extended-desktop\1.7.3\c7c5465dd754043076875b32bce0dd7f5a354fe8\material-icons-extended-desktop-1.7.3.jar;C:\Users\salwa\.gradle\caches\modules-2\files-2.1\org.jetbrains.androidx.lifecycle\lifecycle-viewmodel-compose-desktop\2.9.4\3db38ae3bd43a1072e3b47e3175d582740f5b0df\lifecycle-viewmodel-compose-desktop-2.9.4.jar;C:\Users\salwa\.gradle\caches\modules-2\files-2.1\org.jetbrains.compose.animation\animation-desktop\1.9.0\74ac0663bbdcb8dd7bdbce475d3555ff80bd6d4c\animation-desktop-1.9.0.jar;C:\Users\salwa\.gradle\caches\modules-2\files-2.1\org.jetbrains.compose.foundation\foundation-layout-desktop\1.9.0\1046ee6bfb6a1494a946af7a4ab0f63226412f13\foundation-layout-desktop-1.9.0.jar;C:\Users\salwa\.gradle\caches\modules-2\files-2.1\org.jetbrains.compose.material\material-icons-core-desktop\1.7.3\414b3096050fe647b0638832eace80f22c06b85c\material-icons-core-desktop-1.7.3.jar;C:\Users\salwa\.gradle\caches\modules-2\files-2.1\org.jetbrains.compose.animation\animation-core-desktop\1.9.0\47a335ae4cb43a1e5f950a1a6a44ac86be531ba5\animation-core-desktop-1.9.0.jar;C:\Users\salwa\.gradle\caches\modules-2\files-2.1\org.jetbrains.compose.ui\ui-desktop\1.9.0\bb4a24cfc5fa6cf22feb0aeab4c4ffa48587b017\ui-desktop-1.9.0.jar;C:\Users\salwa\.gradle\caches\modules-2\files-2.1\io.ktor\ktor-serialization-kotlinx-json-jvm\3.3.0\8d1c7508fef56af92e6f3987e4df926ae322ac5b\ktor-serialization-kotlinx-json-jvm-3.3.0.jar;C:\Users\salwa\.gradle\caches\modules-2\files-2.1\org.jetbrains.skiko\skiko-awt-runtime-windows-x64\0.9.22.2\fe554a74845abbd5710ef36d27421c470bbd996f\skiko-awt-runtime-windows-x64-0.9.22.2.jar;C:\Users\salwa\.gradle\caches\modules-2\files-2.1\org.jetbrains.compose.ui\ui-text-desktop\1.9.0\bd0f7eca77ec10ff33a8dcad3ea6ee7845015ab5\ui-text-desktop-1.9.0.jar;C:\Users\salwa\.gradle\caches\modules-2\files-2.1\org.jetbrains.compose.ui\ui-graphics-desktop\1.9.0\94e03ee7a8da852f08141b07241de12161a50e37\ui-graphics-desktop-1.9.0.jar;C:\Users\salwa\.gradle\caches\modules-2\files-2.1\org.jetbrains.skiko\skiko-awt\0.9.22.2\f1dab255d499b8ef215b308b531de32029c41dd6\skiko-awt-0.9.22.2.jar;C:\Users\salwa\.gradle\caches\modules-2\files-2.1\org.jetbrains.kotlinx\kotlinx-coroutines-jdk8\1.10.2\809f71bf722bad7e78ebe8ec710c0327c23b7a31\kotlinx-coroutines-jdk8-1.10.2.jar;C:\Users\salwa\.gradle\caches\modules-2\files-2.1\org.jetbrains.compose.ui\ui-backhandler-desktop\1.9.0\b7f509317df9bd537c4458bcae9239caa7b57d65\ui-backhandler-desktop-1.9.0.jar;C:\Users\salwa\.gradle\caches\modules-2\files-2.1\org.jetbrains.compose.runtime\runtime-saveable-desktop\1.9.0\9042b058ca16dc3e1152426135b6114eee341a32\runtime-saveable-desktop-1.9.0.jar;C:\Users\salwa\.gradle\caches\modules-2\files-2.1\org.jetbrains.androidx.lifecycle\lifecycle-runtime-compose-desktop\2.9.4\d5f410ad59a2cf2a77fa0bc6a80268e3136e00aa\lifecycle-runtime-compose-desktop-2.9.4.jar;C:\Users\salwa\.gradle\caches\modules-2\files-2.1\org.jetbrains.compose.ui\ui-unit-desktop\1.9.0\4ff1a779620c559d32f1a915186ee60519a62950\ui-unit-desktop-1.9.0.jar;C:\Users\salwa\.gradle\caches\modules-2\files-2.1\org.jetbrains.compose.ui\ui-geometry-desktop\1.9.0\606e5a5b02206cc37f413369647eadc2dc577fee\ui-geometry-desktop-1.9.0.jar;C:\Users\salwa\.gradle\caches\modules-2\files-2.1\org.jetbrains.compose.ui\ui-tooling-preview-desktop\1.9.0\75badc23517c7b5385e9b307a3b215e61bb7c56e\ui-tooling-preview-desktop-1.9.0.jar;C:\Users\salwa\.gradle\caches\modules-2\files-2.1\org.jetbrains.androidx.savedstate\savedstate-compose-desktop\1.3.4\9d8414669e7651d086fe84dc0f940cd16abd6412\savedstate-compose-desktop-1.3.4.jar;C:\Users\salwa\.gradle\caches\modules-2\files-2.1\org.jetbrains.compose.runtime\runtime-desktop\1.9.0\edbd39fc9691f4ba1e29c6690341148db4272752\runtime-desktop-1.9.0.jar;C:\Users\salwa\.gradle\caches\modules-2\files-2.1\androidx.compose.runtime\runtime-annotation-jvm\1.9.0\3195cb969ccebf099b765ecbf41e563c73eaf356\runtime-annotation-jvm-1.9.0.jar;C:\Users\salwa\.gradle\caches\modules-2\files-2.1\androidx.compose.runtime\runtime-desktop\1.9.0\80fd93a5f57cb75101c4a07c9398496c3cc10c1\runtime-desktop-1.9.0.jar;C:\Users\salwa\.gradle\caches\modules-2\files-2.1\io.ktor\ktor-http-cio-jvm\3.3.0\5107799ea75211704419342661cb4552e3fa74f7\ktor-http-cio-jvm-3.3.0.jar;C:\Users\salwa\.gradle\caches\modules-2\files-2.1\io.ktor\ktor-websocket-serialization-jvm\3.3.0\6b82e2bb17bc763dff14d07d8a0c275c27ad4bcf\ktor-websocket-serialization-jvm-3.3.0.jar;C:\Users\salwa\.gradle\caches\modules-2\files-2.1\io.ktor\ktor-serialization-kotlinx-jvm\3.3.0\f62c2f4f39c3fcddd790dccd3ae11005709e0cee\ktor-serialization-kotlinx-jvm-3.3.0.jar;C:\Users\salwa\.gradle\caches\modules-2\files-2.1\io.ktor\ktor-serialization-jvm\3.3.0\e56aab7a830a5e1b890aa8dd0a0f7b603552880\ktor-serialization-jvm-3.3.0.jar;C:\Users\salwa\.gradle\caches\modules-2\files-2.1\io.ktor\ktor-websockets-jvm\3.3.0\10743663e919fe33527367d3e43b940ae434aef1\ktor-websockets-jvm-3.3.0.jar;C:\Users\salwa\.gradle\caches\modules-2\files-2.1\io.ktor\ktor-http-jvm\3.3.0\8a42afc0f195c1be521ad91aa41055021fa3b94b\ktor-http-jvm-3.3.0.jar;C:\Users\salwa\.gradle\caches\modules-2\files-2.1\io.ktor\ktor-events-jvm\3.3.0\c8a50b2be72062ba419638034f9159ce8122cad\ktor-events-jvm-3.3.0.jar;C:\Users\salwa\.gradle\caches\modules-2\files-2.1\io.ktor\ktor-sse-jvm\3.3.0\6f8a76ce7ffb1384108f216138db28a3b19c6144\ktor-sse-jvm-3.3.0.jar;C:\Users\salwa\.gradle\caches\modules-2\files-2.1\io.insert-koin\koin-core-viewmodel-jvm\4.1.1\aa4697be419a7c54d4725c068ea21032f9132f6\koin-core-viewmodel-jvm-4.1.1.jar;C:\Users\salwa\.gradle\caches\modules-2\files-2.1\androidx.lifecycle\lifecycle-viewmodel-savedstate-desktop\2.9.2\72a1919b08c5a4da224d8a65ce1589aa69934e8a\lifecycle-viewmodel-savedstate-desktop-2.9.2.jar;C:\Users\salwa\.gradle\caches\modules-2\files-2.1\androidx.lifecycle\lifecycle-viewmodel-desktop\2.9.2\93fee6d78f0df0e38f36e0fa2eff74f8da6d5481\lifecycle-viewmodel-desktop-2.9.2.jar;C:\Users\salwa\.gradle\caches\modules-2\files-2.1\androidx.lifecycle\lifecycle-runtime-desktop\2.9.2\1cc820319ec0139e76b8a2fe4be0b356b4e624c4\lifecycle-runtime-desktop-2.9.2.jar;C:\Users\salwa\.gradle\caches\modules-2\files-2.1\androidx.savedstate\savedstate-desktop\1.3.1\1c5bfc3fb56614538528060a06f2c03e34fa5188\savedstate-desktop-1.3.1.jar;C:\Users\salwa\.gradle\caches\modules-2\files-2.1\androidx.lifecycle\lifecycle-common-jvm\2.9.2\ab739bccdb3541983385af169565c7c035d897e7\lifecycle-common-jvm-2.9.2.jar;C:\Users\salwa\.gradle\caches\modules-2\files-2.1\io.ktor\ktor-network-jvm\3.3.0\eeddf5465e4e0d4265a73b35da4d71bbe3a1d73e\ktor-network-jvm-3.3.0.jar;C:\Users\salwa\.gradle\caches\modules-2\files-2.1\io.ktor\ktor-utils-jvm\3.3.0\2e8d26ef0c392e07b63460009776df0e7fea653e\ktor-utils-jvm-3.3.0.jar;C:\Users\salwa\.gradle\caches\modules-2\files-2.1\io.ktor\ktor-io-jvm\3.3.0\46a30b23c1138234d63d4e7e6531dc1dd0055228\ktor-io-jvm-3.3.0.jar;C:\Users\salwa\.gradle\caches\modules-2\files-2.1\org.jetbrains.kotlinx\kotlinx-coroutines-core-jvm\1.10.2\4a9f78ef49483748e2c129f3d124b8fa249dafbf\kotlinx-coroutines-core-jvm-1.10.2.jar;C:\Users\salwa\.gradle\caches\modules-2\files-2.1\org.jetbrains.kotlinx\kotlinx-coroutines-swing\1.10.2\ccb5a2e7c83fa76da0ba4677f05678d3bd3eed57\kotlinx-coroutines-swing-1.10.2.jar;C:\Users\salwa\.gradle\caches\modules-2\files-2.1\org.jetbrains.compose.components\components-ui-tooling-preview-desktop\1.9.0\5b3acb8bd7379767b72faafacfb25852a6d2d328\library-desktop-1.9.0.jar;C:\Users\salwa\.gradle\caches\modules-2\files-2.1\org.jetbrains.kotlinx\kotlinx-datetime-jvm\0.7.1\81c2e0246bd28cc2dcbdf0ab53628322e66a9de9\kotlinx-datetime-jvm-0.7.1.jar;C:\Users\salwa\.gradle\caches\modules-2\files-2.1\io.insert-koin\koin-core-jvm\4.1.1\c3347d7e3dbce55435cb9141956ec641b283cbbb\koin-core-jvm-4.1.1.jar;C:\Users\salwa\.gradle\caches\modules-2\files-2.1\org.jetbrains.kotlin\kotlin-stdlib-jdk8\2.1.21\fb62497994f5cfa4ad41fcff05020c35976307c6\kotlin-stdlib-jdk8-2.1.21.jar;C:\Users\salwa\.gradle\caches\modules-2\files-2.1\org.jetbrains.kotlinx\kotlinx-serialization-json-io-jvm\1.9.0\3a371942a591532d0d9245ca6787ee677853bebd\kotlinx-serialization-json-io-jvm-1.9.0.jar;C:\Users\salwa\.gradle\caches\modules-2\files-2.1\org.jetbrains.kotlinx\kotlinx-serialization-json-jvm\1.9.0\aea6f7d49fe5c458f8963ee6d4bdaf4a459ab3e7\kotlinx-serialization-json-jvm-1.9.0.jar;C:\Users\salwa\.gradle\caches\modules-2\files-2.1\org.jetbrains.kotlinx\kotlinx-serialization-core-jvm\1.9.0\91448df39c558f7c6147b8bd8db01debe16e0cc1\kotlinx-serialization-core-jvm-1.9.0.jar;C:\Users\salwa\.gradle\caches\modules-2\files-2.1\org.jetbrains.compose.ui\ui-util-desktop\1.9.0\3f9edd3d5eb28417c667ccbf2931416f3871ed40\ui-util-desktop-1.9.0.jar;C:\Users\salwa\.gradle\caches\modules-2\files-2.1\org.jetbrains.kotlinx\atomicfu-jvm\0.23.2\a4601dc42dceb031a586058e8356ff778a57dea0\atomicfu-jvm-0.23.2.jar;C:\Users\salwa\.gradle\caches\modules-2\files-2.1\androidx.collection\collection-jvm\1.5.0\7ba2c69414d46ebc2dd76598bdd0a75c54281a57\collection-jvm-1.5.0.jar;C:\Users\salwa\.gradle\caches\modules-2\files-2.1\androidx.arch.core\core-common\2.2.0\5e1b8b81dfd5f52c56a8d53b18ca759c19a301f3\core-common-2.2.0.jar;C:\Users\salwa\.gradle\caches\modules-2\files-2.1\androidx.annotation\annotation-jvm\1.9.1\b17951747e38bf3986a24431b9ba0d039958aa5f\annotation-jvm-1.9.1.jar;C:\Users\salwa\.gradle\caches\modules-2\files-2.1\org.jetbrains.kotlin\kotlin-stdlib-jdk7\2.1.21\f5e72fe5f9501e0d27ec633beb3996c29641b877\kotlin-stdlib-jdk7-2.1.21.jar;C:\Users\salwa\.gradle\caches\modules-2\files-2.1\co.touchlab\stately-concurrent-collections-jvm\2.1.0\5c03b644537d7926a8f77e5735a8bebb55dafdcd\stately-concurrent-collections-jvm-2.1.0.jar;C:\Users\salwa\.gradle\caches\modules-2\files-2.1\co.touchlab\stately-concurrency-jvm\2.1.0\6285428408c4d7e4a6d9a09511de877103effd81\stately-concurrency-jvm-2.1.0.jar;C:\Users\salwa\.gradle\caches\modules-2\files-2.1\co.touchlab\stately-strict-jvm\2.1.0\3ae8369209065455f4630793bf6aca0fb88c8b6b\stately-strict-jvm-2.1.0.jar;C:\Users\salwa\.gradle\caches\modules-2\files-2.1\org.jetbrains.kotlinx\kotlinx-io-core-jvm\0.8.0\358a9f2ba2dc81c5dc84c3d1853f6e5efba63be1\kotlinx-io-core-jvm-0.8.0.jar;C:\Users\salwa\.gradle\caches\modules-2\files-2.1\org.jetbrains.kotlinx\kotlinx-io-bytestring-jvm\0.8.0\89c5399596250e71f2bba6d2415972a078a525c7\kotlinx-io-bytestring-jvm-0.8.0.jar;C:\Users\salwa\.gradle\caches\modules-2\files-2.1\org.jetbrains.kotlin\kotlin-stdlib\2.2.20\5380b19fa1924399b62ce3a1faffebb2b4f82272\kotlin-stdlib-2.2.20.jar;C:\Users\salwa\.gradle\caches\modules-2\files-2.1\org.jetbrains\annotations\23.0.0\8cc20c07506ec18e0834947b84a864bfc094484e\annotations-23.0.0.jar;C:\Users\salwa\.gradle\caches\modules-2\files-2.1\org.slf4j\slf4j-api\2.0.17\d9e58ac9c7779ba3bf8142aff6c830617a7fe60f\slf4j-api-2.0.17.jar;C:\Users\salwa\.gradle\caches\modules-2\files-2.1\org.jetbrains.runtime\jbr-api\1.5.0\4158e485a7a4ecfd521e03095d81e0225529e8d2\jbr-api-1.5.0.jar;C:\Users\salwa\.gradle\caches\modules-2\files-2.1\org.jspecify\jspecify\1.0.0\7425a601c1c7ec76645a78d22b8c6a627edee507\jspecify-1.0.0.jar
Launcher Type: SUN_STANDARD

[Global flags]
     intx CICompilerCount                          = 4                                         {product} {ergonomic}
     uint ConcGCThreads                            = 2                                         {product} {ergonomic}
     uint G1ConcRefinementThreads                  = 8                                         {product} {ergonomic}
   size_t G1HeapRegionSize                         = 1048576                                   {product} {ergonomic}
    uintx GCDrainStackTargetSize                   = 64                                        {product} {ergonomic}
   size_t InitialHeapSize                          = 132120576                                 {product} {ergonomic}
   size_t MarkStackSize                            = 4194304                                   {product} {ergonomic}
   size_t MaxHeapSize                              = 2097152000                                {product} {ergonomic}
   size_t MinHeapDeltaBytes                        = 1048576                                   {product} {ergonomic}
   size_t MinHeapSize                              = 8388608                                   {product} {ergonomic}
    uintx NonNMethodCodeHeapSize                   = 5839372                                {pd product} {ergonomic}
    uintx NonProfiledCodeHeapSize                  = 122909434                              {pd product} {ergonomic}
    uintx ProfiledCodeHeapSize                     = 122909434                              {pd product} {ergonomic}
    uintx ReservedCodeCacheSize                    = 251658240                              {pd product} {ergonomic}
     bool SegmentedCodeCache                       = true                                      {product} {ergonomic}
   size_t SoftMaxHeapSize                          = 2097152000                             {manageable} {ergonomic}
     bool UseCompressedOops                        = true                           {product lp64_product} {ergonomic}
     bool UseG1GC                                  = true                                      {product} {ergonomic}
     bool UseLargePagesIndividualAllocation        = false                                  {pd product} {ergonomic}

Logging:
Log output configuration:
 #0: stdout all=warning uptime,level,tags foldmultilines=false
 #1: stderr all=off uptime,level,tags foldmultilines=false

Environment Variables:
PATH=C:\Program Files\Common Files\Oracle\Java\javapath;C:\Program Files\Eclipse Adoptium\jdk-11.0.26.4-hotspot\bin;C:\WINDOWS\system32;C:\WINDOWS;C:\WINDOWS\System32\Wbem;C:\WINDOWS\System32\WindowsPowerShell\v1.0\;C:\WINDOWS\System32\OpenSSH\;C:\Program Files\dotnet\;C:\Program Files\Git\cmd;C:\Program Files\Microchip\xc8\v2.50\bin;C:\Program Files\PuTTY\;C:\Program Files\nodejs\;C:\Program Files\Docker\Docker\resources\bin;C:\Users\salwa\AppData\Local\Microsoft\WindowsApps;C:\Users\salwa\AppData\Local\Programs\Python\Python39;C:\Users\salwa\AppData\Local\Programs\Python\Python39\scripts;C:\Users\salwa\AppData\Local\Programs\Microsoft VS Code\bin;C:\Users\salwa\.dotnet\tools;C:\Program Files\sf\bin;C:\Users\salwa\AppData\Roaming\npm;
USERNAME=salwa
OS=Windows_NT
PROCESSOR_IDENTIFIER=Intel64 Family 6 Model 126 Stepping 5, GenuineIntel
TMP=C:\Users\salwa\AppData\Local\Temp
TEMP=C:\Users\salwa\AppData\Local\Temp




Periodic native trim disabled

---------------  S Y S T E M  ---------------

OS:
 Windows 11 , 64 bit Build 26100 (10.0.26100.7019)
OS uptime: 0 days 17:39 hours
Hyper-V role detected

CPU: total 8 (initial active 8) (4 cores per cpu, 2 threads per core) family 6 model 126 stepping 5 microcode 0xa0, cx8, cmov, fxsr, ht, mmx, 3dnowpref, sse, sse2, sse3, ssse3, sse4.1, sse4.2, popcnt, lzcnt, tsc, tscinvbit, avx, avx2, aes, erms, clmul, bmi1, bmi2, adx, avx512f, avx512dq, avx512cd, avx512bw, avx512vl, sha, fma, vzeroupper, avx512_vpopcntdq, avx512_vpclmulqdq, avx512_vaes, avx512_vnni, clflush, clflushopt, avx512_vbmi2, avx512_vbmi, hv, rdtscp, rdpid, fsrm, gfni, avx512_bitalg, f16c, avx512_ifma
Processor Information for processor 0
  Max Mhz: 1501, Current Mhz: 1000, Mhz Limit: 1501
Processor Information for processor 1
  Max Mhz: 1501, Current Mhz: 1000, Mhz Limit: 1501
Processor Information for processor 2
  Max Mhz: 1501, Current Mhz: 1000, Mhz Limit: 1501
Processor Information for processor 3
  Max Mhz: 1501, Current Mhz: 1501, Mhz Limit: 1501
Processor Information for processor 4
  Max Mhz: 1501, Current Mhz: 1000, Mhz Limit: 1501
Processor Information for processor 5
  Max Mhz: 1501, Current Mhz: 1000, Mhz Limit: 1501
Processor Information for processor 6
  Max Mhz: 1501, Current Mhz: 1000, Mhz Limit: 1501
Processor Information for processor 7
  Max Mhz: 1501, Current Mhz: 1000, Mhz Limit: 1501

Memory: 4k page, system-wide physical 7997M (626M free)
TotalPageFile size 18202M (AvailPageFile size 5M)
current process WorkingSet (physical memory assigned to process): 11M, peak: 11M
current process commit charge ("private bytes"): 17M, peak: 18M

vm_info: Java HotSpot(TM) 64-Bit Server VM (21.0.8+12-LTS-250) for windows-amd64 JRE (21.0.8+12-LTS-250), built on 2025-06-27T08:11:22Z by "mach5one" with MS VC++ 17.6 (VS2022)

END.
