#
# There is insufficient memory for the Java Runtime Environment to continue.
# Native memory allocation (mmap) failed to map 65536 bytes. Error detail: Failed to commit metaspace.
# Possible reasons:
#   The system is out of physical RAM or swap space
#   This process is running with CompressedOops enabled, and the Java Heap may be blocking the growth of the native heap
# Possible solutions:
#   Reduce memory load on the system
#   Increase physical memory or swap space
#   Check if swap backing store is full
#   Decrease Java heap size (-Xmx/-Xms)
#   Decrease number of Java threads
#   Decrease Java thread stack sizes (-Xss)
#   Set larger code cache with -XX:ReservedCodeCacheSize=
#   JVM is running with Unscaled Compressed Oops mode in which the Java heap is
#     placed in the first 4GB address space. The Java Heap base address is the
#     maximum limit for the native heap growth. Please use -XX:HeapBaseMinAddress
#     to set the Java Heap base and to place the Java Heap above 4GB virtual address.
# This output file may be truncated or incomplete.
#
#  Out of Memory Error (virtualSpaceNode.cpp:113), pid=11688, tid=9544
#
# JRE version:  (21.0.8+9) (build )
# Java VM: OpenJDK 64-Bit Server VM (21.0.8+9-LTS, mixed mode, tiered, compressed oops, compressed class ptrs, parallel gc, windows-amd64)
# No core dump will be written. Minidumps are not enabled by default on client versions of Windows
#

---------------  S U M M A R Y ------------

Command Line: --add-modules=ALL-SYSTEM --add-opens=java.base/java.util=ALL-UNNAMED --add-opens=java.base/java.lang=ALL-UNNAMED --add-opens=java.base/sun.nio.fs=ALL-UNNAMED -Declipse.application=org.eclipse.jdt.ls.core.id1 -Dosgi.bundles.defaultStartLevel=4 -Declipse.product=org.eclipse.jdt.ls.core.product -Djava.import.generatesMetadataFilesAtProjectRoot=false -DDetectVMInstallationsJob.disabled=true -Dfile.encoding=utf8 -XX:+UseParallelGC -XX:GCTimeRatio=4 -XX:AdaptiveSizePolicyWeight=90 -Dsun.zip.disableMemoryMapping=true -Xmx2G -Xms100m -Xlog:disable -javaagent:c:\Users\salwa\.vscode\extensions\redhat.java-1.47.0-win32-x64\lombok\lombok-1.18.39-4050.jar -XX:+HeapDumpOnOutOfMemoryError -XX:HeapDumpPath=c:\Users\salwa\AppData\Roaming\Code\User\workspaceStorage\bc8607ffb1dae8b34b189cf0a83b9ef8\redhat.java -Daether.dependencyCollector.impl=bf c:\Users\salwa\.vscode\extensions\redhat.java-1.47.0-win32-x64\server\plugins\org.eclipse.equinox.launcher_1.7.100.v20251014-1222.jar -configuration c:\Users\salwa\AppData\Roaming\Code\User\globalStorage\redhat.java\1.47.0\config_win -data c:\Users\salwa\AppData\Roaming\Code\User\workspaceStorage\bc8607ffb1dae8b34b189cf0a83b9ef8\redhat.java\jdt_ws --pipe=\\.\pipe\lsp-fa57a6dc87f78bed60b44985b12147c2-sock

Host: Intel(R) Core(TM) i7-1065G7 CPU @ 1.30GHz, 8 cores, 7G,  Windows 11 , 64 bit Build 26100 (10.0.26100.7019)
Time: Fri Nov 21 11:33:50 2025 Paris, Madrid elapsed time: 0.072462 seconds (0d 0h 0m 0s)

---------------  T H R E A D  ---------------

Current thread (0x000001c280841f60):  JavaThread "Unknown thread" [_thread_in_vm, id=9544, stack(0x000000a2a4300000,0x000000a2a4400000) (1024K)]

Stack: [0x000000a2a4300000,0x000000a2a4400000]
Native frames: (J=compiled Java code, j=interpreted, Vv=VM code, C=native code)
V  [jvm.dll+0x6d2449]
V  [jvm.dll+0x8ae341]
V  [jvm.dll+0x8b08be]
V  [jvm.dll+0x8b0fa3]
V  [jvm.dll+0x280c96]
V  [jvm.dll+0x8aa07e]
V  [jvm.dll+0x6745b5]
V  [jvm.dll+0x67461a]
V  [jvm.dll+0x676e02]
V  [jvm.dll+0x676cd2]
V  [jvm.dll+0x674f8e]
V  [jvm.dll+0x67f237]
V  [jvm.dll+0x21695d]
V  [jvm.dll+0x216eda]
V  [jvm.dll+0x217905]
V  [jvm.dll+0x20cece]
V  [jvm.dll+0x5b19dc]
V  [jvm.dll+0x21e5ba]
V  [jvm.dll+0x826c6c]
V  [jvm.dll+0x827c94]
V  [jvm.dll+0x828262]
V  [jvm.dll+0x827ee8]
V  [jvm.dll+0x8ac323]
V  [jvm.dll+0x8ac106]
V  [jvm.dll+0x875bf9]
V  [jvm.dll+0x8774fd]
V  [jvm.dll+0x3bec99]
V  [jvm.dll+0x8606d8]
V  [jvm.dll+0x4530ee]
V  [jvm.dll+0x454d31]
C  [jli.dll+0x5278]
C  [ucrtbase.dll+0x37b0]
C  [KERNEL32.DLL+0x2e8d7]
C  [ntdll.dll+0x8c53c]


---------------  P R O C E S S  ---------------

Threads class SMR info:
_java_thread_list=0x000001c2808b03a0, length=1, elements={
0x000001c280841f60
}

Java Threads: ( => current thread )
=>0x000001c280841f60 JavaThread "Unknown thread"             [_thread_in_vm, id=9544, stack(0x000000a2a4300000,0x000000a2a4400000) (1024K)]
Total: 1

Other Threads:
  0x000001c2971bc950 WatcherThread "VM Periodic Task Thread"        [id=21916, stack(0x000000a2a4500000,0x000000a2a4600000) (1024K)]
  0x000001c2808604c0 WorkerThread "GC Thread#0"                     [id=17148, stack(0x000000a2a4400000,0x000000a2a4500000) (1024K)]
Total: 2

Threads with active compile tasks:
Total: 0

VM state: not at safepoint (not fully initialized)

VM Mutex/Monitor currently owned by a thread:  ([mutex/lock_event])
[0x00007ffc9ab53458] Metaspace_lock - owner thread: 0x000001c280841f60

Heap address: 0x0000000080000000, size: 2048 MB, Compressed Oops mode: 32-bit

CDS archive(s) not mapped
Compressed class space mapped at: 0x0000000100000000-0x0000000140000000, reserved size: 1073741824
Narrow klass base: 0x0000000000000000, Narrow klass shift: 3, Narrow klass range: 0x140000000

GC Precious Log:
 CardTable entry size: 512
 CPUs: 8 total, 8 available
 Memory: 7997M
 Large Page Support: Disabled
 NUMA Support: Disabled
 Compressed Oops: Enabled (32-bit)
 Alignments: Space 512K, Generation 512K, Heap 2M
 Heap Min Capacity: 100M
 Heap Initial Capacity: 100M
 Heap Max Capacity: 2G
 Pre-touch: Disabled
 Parallel Workers: 8

Heap:
 PSYoungGen      total 29696K, used 512K [0x00000000d5580000, 0x00000000d7680000, 0x0000000100000000)
  eden space 25600K, 2% used [0x00000000d5580000,0x00000000d5600070,0x00000000d6e80000)
  from space 4096K, 0% used [0x00000000d7280000,0x00000000d7280000,0x00000000d7680000)
  to   space 4096K, 0% used [0x00000000d6e80000,0x00000000d6e80000,0x00000000d7280000)
 ParOldGen       total 68608K, used 0K [0x0000000080000000, 0x0000000084300000, 0x00000000d5580000)
  object space 68608K, 0% used [0x0000000080000000,0x0000000080000000,0x0000000084300000)
 Metaspace       used 489K, committed 512K, reserved 1114112K
  class space    used 41K, committed 64K, reserved 1048576K

Card table byte_map: [0x000001c280210000,0x000001c280620000] _byte_map_base: 0x000001c27fe10000

Marking Bits: (ParMarkBitMap*) 0x00007ffc9ab5a340
 Begin Bits: [0x000001c292ce0000, 0x000001c294ce0000)
 End Bits:   [0x000001c294ce0000, 0x000001c296ce0000)

GC Heap History (0 events):
No events

Dll operation events (2 events):
Event: 0.028 Loaded shared library c:\Users\salwa\.vscode\extensions\redhat.java-1.47.0-win32-x64\jre\21.0.8-win32-x86_64\bin\java.dll
Event: 0.042 Loaded shared library c:\Users\salwa\.vscode\extensions\redhat.java-1.47.0-win32-x64\jre\21.0.8-win32-x86_64\bin\zip.dll

Deoptimization events (0 events):
No events

Classes loaded (20 events):
Event: 0.060 Loading class java/lang/ThreadBuilders$BoundVirtualThread done
Event: 0.060 Loading class java/util/Properties
Event: 0.061 Loading class java/util/Hashtable
Event: 0.061 Loading class java/util/Map
Event: 0.062 Loading class java/util/Map done
Event: 0.062 Loading class java/util/Dictionary
Event: 0.062 Loading class java/util/Dictionary done
Event: 0.062 Loading class java/util/Hashtable done
Event: 0.063 Loading class java/util/Properties done
Event: 0.063 Loading class java/lang/Module
Event: 0.064 Loading class java/lang/Module done
Event: 0.064 Loading class java/lang/reflect/AccessibleObject
Event: 0.064 Loading class java/lang/reflect/AccessibleObject done
Event: 0.064 Loading class java/lang/reflect/Field
Event: 0.064 Loading class java/lang/reflect/Member
Event: 0.064 Loading class java/lang/reflect/Member done
Event: 0.064 Loading class java/lang/reflect/Field done
Event: 0.064 Loading class java/lang/reflect/Parameter
Event: 0.065 Loading class java/lang/reflect/Parameter done
Event: 0.065 Loading class java/lang/reflect/Method

Classes unloaded (0 events):
No events

Classes redefined (0 events):
No events

Internal exceptions (0 events):
No events

ZGC Phase Switch (0 events):
No events

VM Operations (0 events):
No events

Memory protections (0 events):
No events

Nmethod flushes (0 events):
No events

Events (1 events):
Event: 0.038 Thread 0x000001c280841f60 Thread added: 0x000001c280841f60


Dynamic libraries:
0x00007ff759030000 - 0x00007ff75903e000 	c:\Users\salwa\.vscode\extensions\redhat.java-1.47.0-win32-x64\jre\21.0.8-win32-x86_64\bin\java.exe
0x00007ffd92780000 - 0x00007ffd929e8000 	C:\WINDOWS\SYSTEM32\ntdll.dll
0x00007ffd4ecf0000 - 0x00007ffd4ed10000 	C:\Program Files\Avast Software\Avast\aswhook.dll
0x00007ffd91f30000 - 0x00007ffd91ff9000 	C:\WINDOWS\System32\KERNEL32.DLL
0x00007ffd8fd20000 - 0x00007ffd90118000 	C:\WINDOWS\System32\KERNELBASE.dll
0x00007ffd90120000 - 0x00007ffd9026b000 	C:\WINDOWS\System32\ucrtbase.dll
0x00007ffd5cc00000 - 0x00007ffd5cc1e000 	c:\Users\salwa\.vscode\extensions\redhat.java-1.47.0-win32-x64\jre\21.0.8-win32-x86_64\bin\VCRUNTIME140.dll
0x00007ffd82380000 - 0x00007ffd82398000 	c:\Users\salwa\.vscode\extensions\redhat.java-1.47.0-win32-x64\jre\21.0.8-win32-x86_64\bin\jli.dll
0x00007ffd918e0000 - 0x00007ffd91aa7000 	C:\WINDOWS\System32\USER32.dll
0x00007ffd8fcf0000 - 0x00007ffd8fd17000 	C:\WINDOWS\System32\win32u.dll
0x00007ffd90da0000 - 0x00007ffd90dcb000 	C:\WINDOWS\System32\GDI32.dll
0x00007ffd8f8d0000 - 0x00007ffd8f9fc000 	C:\WINDOWS\System32\gdi32full.dll
0x00007ffd90270000 - 0x00007ffd90313000 	C:\WINDOWS\System32\msvcp_win.dll
0x00007ffd7c600000 - 0x00007ffd7c894000 	C:\WINDOWS\WinSxS\amd64_microsoft.windows.common-controls_6595b64144ccf1df_6.0.26100.7019_none_3e06ffa0e335b8a8\COMCTL32.dll
0x00007ffd920c0000 - 0x00007ffd92169000 	C:\WINDOWS\System32\msvcrt.dll
0x00007ffd92080000 - 0x00007ffd920b1000 	C:\WINDOWS\System32\IMM32.DLL
0x00007ffd89a10000 - 0x00007ffd89a1c000 	c:\Users\salwa\.vscode\extensions\redhat.java-1.47.0-win32-x64\jre\21.0.8-win32-x86_64\bin\vcruntime140_1.dll
0x00007ffd42080000 - 0x00007ffd4210d000 	c:\Users\salwa\.vscode\extensions\redhat.java-1.47.0-win32-x64\jre\21.0.8-win32-x86_64\bin\msvcp140.dll
0x00007ffc99ea0000 - 0x00007ffc9ac37000 	c:\Users\salwa\.vscode\extensions\redhat.java-1.47.0-win32-x64\jre\21.0.8-win32-x86_64\bin\server\jvm.dll
0x00007ffd91610000 - 0x00007ffd916c4000 	C:\WINDOWS\System32\ADVAPI32.dll
0x00007ffd91550000 - 0x00007ffd915f6000 	C:\WINDOWS\System32\sechost.dll
0x00007ffd917c0000 - 0x00007ffd918d8000 	C:\WINDOWS\System32\RPCRT4.dll
0x00007ffd92000000 - 0x00007ffd92074000 	C:\WINDOWS\System32\WS2_32.dll
0x00007ffd8f750000 - 0x00007ffd8f7ae000 	C:\WINDOWS\SYSTEM32\POWRPROF.dll
0x00007ffd7f1d0000 - 0x00007ffd7f205000 	C:\WINDOWS\SYSTEM32\WINMM.dll
0x00007ffd89290000 - 0x00007ffd8929b000 	C:\WINDOWS\SYSTEM32\VERSION.dll
0x00007ffd8f730000 - 0x00007ffd8f744000 	C:\WINDOWS\SYSTEM32\UMPDC.dll
0x00007ffd8e660000 - 0x00007ffd8e67b000 	C:\WINDOWS\SYSTEM32\kernel.appcore.dll
0x00007ffd7f410000 - 0x00007ffd7f41a000 	c:\Users\salwa\.vscode\extensions\redhat.java-1.47.0-win32-x64\jre\21.0.8-win32-x86_64\bin\jimage.dll
0x00007ffd8d180000 - 0x00007ffd8d3c2000 	C:\WINDOWS\SYSTEM32\DBGHELP.DLL
0x00007ffd90dd0000 - 0x00007ffd9115b000 	C:\WINDOWS\System32\combase.dll
0x00007ffd91470000 - 0x00007ffd91547000 	C:\WINDOWS\System32\OLEAUT32.dll
0x00007ffd82040000 - 0x00007ffd8207c000 	C:\WINDOWS\SYSTEM32\dbgcore.DLL
0x00007ffd90470000 - 0x00007ffd90515000 	C:\WINDOWS\System32\bcryptPrimitives.dll
0x00007ffd65c70000 - 0x00007ffd65c7f000 	c:\Users\salwa\.vscode\extensions\redhat.java-1.47.0-win32-x64\jre\21.0.8-win32-x86_64\bin\instrument.dll
0x00007ffd59690000 - 0x00007ffd596af000 	c:\Users\salwa\.vscode\extensions\redhat.java-1.47.0-win32-x64\jre\21.0.8-win32-x86_64\bin\java.dll
0x00007ffd57bf0000 - 0x00007ffd57c08000 	c:\Users\salwa\.vscode\extensions\redhat.java-1.47.0-win32-x64\jre\21.0.8-win32-x86_64\bin\zip.dll

JVMTI agents:
c:\Users\salwa\.vscode\extensions\redhat.java-1.47.0-win32-x64\lombok\lombok-1.18.39-4050.jar path:none, loaded, not initialized, instrumentlib options:none

dbghelp: loaded successfully - version: 4.0.5 - missing functions: none
symbol engine: initialized successfully - sym options: 0x614 - pdb path: .;c:\Users\salwa\.vscode\extensions\redhat.java-1.47.0-win32-x64\jre\21.0.8-win32-x86_64\bin;C:\WINDOWS\SYSTEM32;C:\Program Files\Avast Software\Avast;C:\WINDOWS\WinSxS\amd64_microsoft.windows.common-controls_6595b64144ccf1df_6.0.26100.7019_none_3e06ffa0e335b8a8;c:\Users\salwa\.vscode\extensions\redhat.java-1.47.0-win32-x64\jre\21.0.8-win32-x86_64\bin\server

VM Arguments:
jvm_args: --add-modules=ALL-SYSTEM --add-opens=java.base/java.util=ALL-UNNAMED --add-opens=java.base/java.lang=ALL-UNNAMED --add-opens=java.base/sun.nio.fs=ALL-UNNAMED -Declipse.application=org.eclipse.jdt.ls.core.id1 -Dosgi.bundles.defaultStartLevel=4 -Declipse.product=org.eclipse.jdt.ls.core.product -Djava.import.generatesMetadataFilesAtProjectRoot=false -DDetectVMInstallationsJob.disabled=true -Dfile.encoding=utf8 -XX:+UseParallelGC -XX:GCTimeRatio=4 -XX:AdaptiveSizePolicyWeight=90 -Dsun.zip.disableMemoryMapping=true -Xmx2G -Xms100m -Xlog:disable -javaagent:c:\Users\salwa\.vscode\extensions\redhat.java-1.47.0-win32-x64\lombok\lombok-1.18.39-4050.jar -XX:+HeapDumpOnOutOfMemoryError -XX:HeapDumpPath=c:\Users\salwa\AppData\Roaming\Code\User\workspaceStorage\bc8607ffb1dae8b34b189cf0a83b9ef8\redhat.java -Daether.dependencyCollector.impl=bf 
java_command: c:\Users\salwa\.vscode\extensions\redhat.java-1.47.0-win32-x64\server\plugins\org.eclipse.equinox.launcher_1.7.100.v20251014-1222.jar -configuration c:\Users\salwa\AppData\Roaming\Code\User\globalStorage\redhat.java\1.47.0\config_win -data c:\Users\salwa\AppData\Roaming\Code\User\workspaceStorage\bc8607ffb1dae8b34b189cf0a83b9ef8\redhat.java\jdt_ws --pipe=\\.\pipe\lsp-fa57a6dc87f78bed60b44985b12147c2-sock
java_class_path (initial): c:\Users\salwa\.vscode\extensions\redhat.java-1.47.0-win32-x64\server\plugins\org.eclipse.equinox.launcher_1.7.100.v20251014-1222.jar
Launcher Type: SUN_STANDARD

[Global flags]
    uintx AdaptiveSizePolicyWeight                 = 90                                        {product} {command line}
     intx CICompilerCount                          = 4                                         {product} {ergonomic}
    uintx GCTimeRatio                              = 4                                         {product} {command line}
     bool HeapDumpOnOutOfMemoryError               = true                                   {manageable} {command line}
    ccstr HeapDumpPath                             = c:\Users\salwa\AppData\Roaming\Code\User\workspaceStorage\bc8607ffb1dae8b34b189cf0a83b9ef8\redhat.java         {manageable} {command line}
   size_t InitialHeapSize                          = 104857600                                 {product} {command line}
   size_t MaxHeapSize                              = 2147483648                                {product} {command line}
   size_t MaxNewSize                               = 715653120                                 {product} {ergonomic}
   size_t MinHeapDeltaBytes                        = 524288                                    {product} {ergonomic}
   size_t MinHeapSize                              = 104857600                                 {product} {command line}
   size_t NewSize                                  = 34603008                                  {product} {ergonomic}
    uintx NonNMethodCodeHeapSize                   = 5839372                                {pd product} {ergonomic}
    uintx NonProfiledCodeHeapSize                  = 122909434                              {pd product} {ergonomic}
   size_t OldSize                                  = 70254592                                  {product} {ergonomic}
    uintx ProfiledCodeHeapSize                     = 122909434                              {pd product} {ergonomic}
    uintx ReservedCodeCacheSize                    = 251658240                              {pd product} {ergonomic}
     bool SegmentedCodeCache                       = true                                      {product} {ergonomic}
   size_t SoftMaxHeapSize                          = 2147483648                             {manageable} {ergonomic}
     bool UseCompressedOops                        = true                           {product lp64_product} {ergonomic}
     bool UseLargePagesIndividualAllocation        = false                                  {pd product} {ergonomic}
     bool UseParallelGC                            = true                                      {product} {command line}

Logging:
Log output configuration:
 #0: stdout all=off uptime,level,tags foldmultilines=false
 #1: stderr all=off uptime,level,tags foldmultilines=false

Environment Variables:
PATH=C:\Program Files\Common Files\Oracle\Java\javapath;C:\Program Files\Eclipse Adoptium\jdk-11.0.26.4-hotspot\bin;C:\WINDOWS\system32;C:\WINDOWS;C:\WINDOWS\System32\Wbem;C:\WINDOWS\System32\WindowsPowerShell\v1.0\;C:\WINDOWS\System32\OpenSSH\;C:\Program Files\dotnet\;C:\Program Files\Git\cmd;C:\Program Files\Microchip\xc8\v2.50\bin;C:\Program Files\PuTTY\;C:\Program Files\nodejs\;C:\Program Files\Docker\Docker\resources\bin;C:\Users\salwa\AppData\Local\Microsoft\WindowsApps;C:\Users\salwa\AppData\Local\Programs\Python\Python39;C:\Users\salwa\AppData\Local\Programs\Python\Python39\scripts;C:\Users\salwa\AppData\Local\Programs\Microsoft VS Code\bin;C:\Users\salwa\.dotnet\tools;C:\Program Files\sf\bin;C:\Users\salwa\AppData\Roaming\npm;
USERNAME=salwa
OS=Windows_NT
PROCESSOR_IDENTIFIER=Intel64 Family 6 Model 126 Stepping 5, GenuineIntel
TMP=C:\Users\salwa\AppData\Local\Temp
TEMP=C:\Users\salwa\AppData\Local\Temp




Periodic native trim disabled

---------------  S Y S T E M  ---------------

OS:
 Windows 11 , 64 bit Build 26100 (10.0.26100.7019)
OS uptime: 0 days 23:35 hours
Hyper-V role detected

CPU: total 8 (initial active 8) (4 cores per cpu, 2 threads per core) family 6 model 126 stepping 5 microcode 0xa0, cx8, cmov, fxsr, ht, mmx, 3dnowpref, sse, sse2, sse3, ssse3, sse4.1, sse4.2, popcnt, lzcnt, tsc, tscinvbit, avx, avx2, aes, erms, clmul, bmi1, bmi2, adx, avx512f, avx512dq, avx512cd, avx512bw, avx512vl, sha, fma, vzeroupper, avx512_vpopcntdq, avx512_vpclmulqdq, avx512_vaes, avx512_vnni, clflush, clflushopt, avx512_vbmi2, avx512_vbmi, hv, rdtscp, rdpid, fsrm, gfni, avx512_bitalg, f16c, avx512_ifma
Processor Information for processor 0
  Max Mhz: 1501, Current Mhz: 1501, Mhz Limit: 1501
Processor Information for processor 1
  Max Mhz: 1501, Current Mhz: 1501, Mhz Limit: 1501
Processor Information for processor 2
  Max Mhz: 1501, Current Mhz: 1501, Mhz Limit: 1501
Processor Information for processor 3
  Max Mhz: 1501, Current Mhz: 1501, Mhz Limit: 1501
Processor Information for processor 4
  Max Mhz: 1501, Current Mhz: 1000, Mhz Limit: 1501
Processor Information for processor 5
  Max Mhz: 1501, Current Mhz: 1501, Mhz Limit: 1501
Processor Information for processor 6
  Max Mhz: 1501, Current Mhz: 1501, Mhz Limit: 1501
Processor Information for processor 7
  Max Mhz: 1501, Current Mhz: 1501, Mhz Limit: 1501

Memory: 4k page, system-wide physical 7997M (456M free)
TotalPageFile size 16676M (AvailPageFile size 3M)
current process WorkingSet (physical memory assigned to process): 16M, peak: 16M
current process commit charge ("private bytes"): 182M, peak: 184M

vm_info: OpenJDK 64-Bit Server VM (21.0.8+9-LTS) for windows-amd64 JRE (21.0.8+9-LTS), built on 2025-07-15T00:00:00Z by "admin" with MS VC++ 17.7 (VS2022)

END.
