#
# There is insufficient memory for the Java Runtime Environment to continue.
# Native memory allocation (malloc) failed to allocate 1048576 bytes for AllocateHeap
# Possible reasons:
#   The system is out of physical RAM or swap space
#   The process is running with CompressedOops enabled, and the Java Heap may be blocking the growth of the native heap
# Possible solutions:
#   Reduce memory load on the system
#   Increase physical memory or swap space
#   Check if swap backing store is full
#   Decrease Java heap size (-Xmx/-Xms)
#   Decrease number of Java threads
#   Decrease Java thread stack sizes (-Xss)
#   Set larger code cache with -XX:ReservedCodeCacheSize=
#   JVM is running with Unscaled Compressed Oops mode in which the Java heap is
#     placed in the first 4GB address space. The Java Heap base address is the
#     maximum limit for the native heap growth. Please use -XX:HeapBaseMinAddress
#     to set the Java Heap base and to place the Java Heap above 4GB virtual address.
# This output file may be truncated or incomplete.
#
#  Out of Memory Error (allocation.cpp:44), pid=22068, tid=500
#
# JRE version:  (21.0.8+12) (build )
# Java VM: Java HotSpot(TM) 64-Bit Server VM (21.0.8+12-LTS-250, mixed mode, sharing, tiered, compressed oops, compressed class ptrs, g1 gc, windows-amd64)
# No core dump will be written. Minidumps are not enabled by default on client versions of Windows
#

---------------  S U M M A R Y ------------

Command Line: -Dio.ktor.development=false -Dfile.encoding=UTF-8 -Duser.country=BE -Duser.language=fr -Duser.variant be.ecam.server.ApplicationKt

Host: Intel(R) Core(TM) i7-1065G7 CPU @ 1.30GHz, 8 cores, 7G,  Windows 11 , 64 bit Build 26100 (10.0.26100.7019)
Time: Thu Nov 20 19:58:22 2025 Paris, Madrid elapsed time: 0.037995 seconds (0d 0h 0m 0s)

---------------  T H R E A D  ---------------

Current thread (0x0000023ff282c0d0):  JavaThread "Unknown thread" [_thread_in_vm, id=500, stack(0x0000007edcb00000,0x0000007edcc00000) (1024K)]

Stack: [0x0000007edcb00000,0x0000007edcc00000]
Native frames: (J=compiled Java code, j=interpreted, Vv=VM code, C=native code)
V  [jvm.dll+0x6cc179]
V  [jvm.dll+0x8584c1]
V  [jvm.dll+0x85a9ee]
V  [jvm.dll+0x85b0c3]
V  [jvm.dll+0x27ebf6]
V  [jvm.dll+0xbfae7]
V  [jvm.dll+0x331415]
V  [jvm.dll+0x329961]
V  [jvm.dll+0x821879]
V  [jvm.dll+0x3bc541]
V  [jvm.dll+0x80aaf8]
V  [jvm.dll+0x45172e]
V  [jvm.dll+0x453321]
C  [jli.dll+0x52a3]
C  [ucrtbase.dll+0x37b0]
C  [KERNEL32.DLL+0x2e8d7]
C  [ntdll.dll+0x8c53c]


---------------  P R O C E S S  ---------------

Threads class SMR info:
_java_thread_list=0x00007ffcc490fc48, length=0, elements={
}

Java Threads: ( => current thread )
Total: 0

Other Threads:
  0x0000023ff4ace210 WorkerThread "GC Thread#0"                     [id=4836, stack(0x0000007edcc00000,0x0000007edcd00000) (1024K)]

[error occurred during error reporting (printing all threads), id 0xc0000005, EXCEPTION_ACCESS_VIOLATION (0xc0000005) at pc=0x00007ffcc4075ed0]
VM state: not at safepoint (not fully initialized)

VM Mutex/Monitor currently owned by a thread:  ([mutex/lock_event])
[0x00007ffcc4980f50] Heap_lock - owner thread: 0x0000023ff282c0d0

Heap address: 0x0000000083000000, size: 2000 MB, Compressed Oops mode: 32-bit

CDS archive(s) mapped at: [0x0000000000000000-0x0000000000000000-0x0000000000000000), size 0, SharedBaseAddress: 0x0000000800000000, ArchiveRelocationMode: 1.
Narrow klass base: 0x0000000000000000, Narrow klass shift: 0, Narrow klass range: 0x0

GC Precious Log:
 CardTable entry size: 512
 Card Set container configuration: InlinePtr #cards 5 size 8 Array Of Cards #cards 12 size 40 Howl #buckets 4 coarsen threshold 1843 Howl Bitmap #cards 512 size 80 coarsen threshold 460 Card regions per heap region 1 cards per card region 2048

Heap:
 garbage-first heap   total 0K, used 0K [0x0000000083000000, 0x0000000100000000)
  region size 1024K, 0 young (0K), 0 survivors (0K)

[error occurred during error reporting (printing heap information), id 0xc0000005, EXCEPTION_ACCESS_VIOLATION (0xc0000005) at pc=0x00007ffcc44651e9]
GC Heap History (0 events):
No events

Dll operation events (1 events):
Event: 0.026 Loaded shared library C:\Program Files\Java\jdk-21\bin\java.dll

Deoptimization events (0 events):
No events

Classes loaded (0 events):
No events

Classes unloaded (0 events):
No events

Classes redefined (0 events):
No events

Internal exceptions (0 events):
No events

ZGC Phase Switch (0 events):
No events

VM Operations (0 events):
No events

Events (0 events):
No events


Dynamic libraries:
0x00007ff6e29a0000 - 0x00007ff6e29b0000 	C:\Program Files\Java\jdk-21\bin\java.exe
0x00007ffd92780000 - 0x00007ffd929e8000 	C:\WINDOWS\SYSTEM32\ntdll.dll
0x00007ffd4ecf0000 - 0x00007ffd4ed10000 	C:\Program Files\Avast Software\Avast\aswhook.dll
0x00007ffd91f30000 - 0x00007ffd91ff9000 	C:\WINDOWS\System32\KERNEL32.DLL
0x00007ffd8fd20000 - 0x00007ffd90118000 	C:\WINDOWS\System32\KERNELBASE.dll
0x00007ffd90120000 - 0x00007ffd9026b000 	C:\WINDOWS\System32\ucrtbase.dll
0x00007ffd822a0000 - 0x00007ffd822b9000 	C:\Program Files\Java\jdk-21\bin\jli.dll
0x00007ffd91610000 - 0x00007ffd916c4000 	C:\WINDOWS\System32\ADVAPI32.dll
0x00007ffd822e0000 - 0x00007ffd822fb000 	C:\Program Files\Java\jdk-21\bin\VCRUNTIME140.dll
0x00007ffd920c0000 - 0x00007ffd92169000 	C:\WINDOWS\System32\msvcrt.dll
0x00007ffd91550000 - 0x00007ffd915f6000 	C:\WINDOWS\System32\sechost.dll
0x00007ffd917c0000 - 0x00007ffd918d8000 	C:\WINDOWS\System32\RPCRT4.dll
0x00007ffd918e0000 - 0x00007ffd91aa7000 	C:\WINDOWS\System32\USER32.dll
0x00007ffd8fcf0000 - 0x00007ffd8fd17000 	C:\WINDOWS\System32\win32u.dll
0x00007ffd90da0000 - 0x00007ffd90dcb000 	C:\WINDOWS\System32\GDI32.dll
0x00007ffd8f8d0000 - 0x00007ffd8f9fc000 	C:\WINDOWS\System32\gdi32full.dll
0x00007ffd7c600000 - 0x00007ffd7c894000 	C:\WINDOWS\WinSxS\amd64_microsoft.windows.common-controls_6595b64144ccf1df_6.0.26100.7019_none_3e06ffa0e335b8a8\COMCTL32.dll
0x00007ffd90270000 - 0x00007ffd90313000 	C:\WINDOWS\System32\msvcp_win.dll
0x00007ffd89290000 - 0x00007ffd8929b000 	C:\WINDOWS\SYSTEM32\VERSION.dll
0x00007ffd92080000 - 0x00007ffd920b1000 	C:\WINDOWS\System32\IMM32.DLL
0x00007ffd87ee0000 - 0x00007ffd87eec000 	C:\Program Files\Java\jdk-21\bin\vcruntime140_1.dll
0x00007ffd55510000 - 0x00007ffd5559e000 	C:\Program Files\Java\jdk-21\bin\msvcp140.dll
0x00007ffcc3d40000 - 0x00007ffcc4a5d000 	C:\Program Files\Java\jdk-21\bin\server\jvm.dll
0x00007ffd92000000 - 0x00007ffd92074000 	C:\WINDOWS\System32\WS2_32.dll
0x00007ffd8f750000 - 0x00007ffd8f7ae000 	C:\WINDOWS\SYSTEM32\POWRPROF.dll
0x00007ffd7f1d0000 - 0x00007ffd7f205000 	C:\WINDOWS\SYSTEM32\WINMM.dll
0x00007ffd8f730000 - 0x00007ffd8f744000 	C:\WINDOWS\SYSTEM32\UMPDC.dll
0x00007ffd8e660000 - 0x00007ffd8e67b000 	C:\WINDOWS\SYSTEM32\kernel.appcore.dll
0x00007ffd87eb0000 - 0x00007ffd87eba000 	C:\Program Files\Java\jdk-21\bin\jimage.dll
0x00007ffd8d180000 - 0x00007ffd8d3c2000 	C:\WINDOWS\SYSTEM32\DBGHELP.DLL
0x00007ffd90dd0000 - 0x00007ffd9115b000 	C:\WINDOWS\System32\combase.dll
0x00007ffd91470000 - 0x00007ffd91547000 	C:\WINDOWS\System32\OLEAUT32.dll
0x00007ffd82040000 - 0x00007ffd8207c000 	C:\WINDOWS\SYSTEM32\dbgcore.DLL
0x00007ffd90470000 - 0x00007ffd90515000 	C:\WINDOWS\System32\bcryptPrimitives.dll
0x00007ffd7f510000 - 0x00007ffd7f52f000 	C:\Program Files\Java\jdk-21\bin\java.dll

dbghelp: loaded successfully - version: 4.0.5 - missing functions: none
symbol engine: initialized successfully - sym options: 0x614 - pdb path: .;C:\Program Files\Java\jdk-21\bin;C:\WINDOWS\SYSTEM32;C:\Program Files\Avast Software\Avast;C:\WINDOWS\WinSxS\amd64_microsoft.windows.common-controls_6595b64144ccf1df_6.0.26100.7019_none_3e06ffa0e335b8a8;C:\Program Files\Java\jdk-21\bin\server

VM Arguments:
jvm_args: -Dio.ktor.development=false -Dfile.encoding=UTF-8 -Duser.country=BE -Duser.language=fr -Duser.variant 
java_command: be.ecam.server.ApplicationKt
java_class_path (initial): C:\Users\salwa\Projet_architecture\V.A.M.I.S_software_archi_project\server\build\classes\java\main;C:\Users\salwa\Projet_architecture\V.A.M.I.S_software_archi_project\server\build\classes\kotlin\main;C:\Users\salwa\Projet_architecture\V.A.M.I.S_software_archi_project\server\build\resources\main;C:\Users\salwa\Projet_architecture\V.A.M.I.S_software_archi_project\shared\build\libs\shared-jvm.jar;C:\Users\salwa\.gradle\caches\modules-2\files-2.1\io.ktor\ktor-server-netty-jvm\3.3.0\3b54f1a0d37fbe1571c2ec8358416d0cc5e7e9b3\ktor-server-netty-jvm-3.3.0.jar;C:\Users\salwa\.gradle\caches\modules-2\files-2.1\io.ktor\ktor-server-content-negotiation-jvm\3.3.0\b723d9ce385455716c6c403ed3a93aac6838a1fd\ktor-server-content-negotiation-jvm-3.3.0.jar;C:\Users\salwa\.gradle\caches\modules-2\files-2.1\io.ktor\ktor-server-core-jvm\3.3.0\a75887ca2a0b32ddec0351f889517f74fee2143d\ktor-server-core-jvm-3.3.0.jar;C:\Users\salwa\.gradle\caches\modules-2\files-2.1\io.ktor\ktor-network-tls-certificates-jvm\3.3.0\38e0c8933e4ea2e3ad77bad9922aeb8ce7ae9b6a\ktor-network-tls-certificates-jvm-3.3.0.jar;C:\Users\salwa\.gradle\caches\modules-2\files-2.1\org.jetbrains.exposed\exposed-dao\0.61.0\d501332d63b7cb93afc8c39b207d9fd31759784f\exposed-dao-0.61.0.jar;C:\Users\salwa\.gradle\caches\modules-2\files-2.1\org.jetbrains.exposed\exposed-jdbc\0.61.0\a460d85b4a81be32d5caa2d10ed3250a99c03faa\exposed-jdbc-0.61.0.jar;C:\Users\salwa\.gradle\caches\modules-2\files-2.1\org.jetbrains.exposed\exposed-core\0.61.0\2d4189e372ffb201608585787513c296a4abcd31\exposed-core-0.61.0.jar;C:\Users\salwa\.gradle\caches\modules-2\files-2.1\org.jetbrains.kotlin\kotlin-reflect\2.2.10\98d0ca9819d98cb3aa5c0a25793830b6659feee2\kotlin-reflect-2.2.10.jar;C:\Users\salwa\.gradle\caches\modules-2\files-2.1\io.ktor\ktor-serialization-kotlinx-json-jvm\3.3.0\8d1c7508fef56af92e6f3987e4df926ae322ac5b\ktor-serialization-kotlinx-json-jvm-3.3.0.jar;C:\Users\salwa\.gradle\caches\modules-2\files-2.1\io.ktor\ktor-http-cio-jvm\3.3.0\5107799ea75211704419342661cb4552e3fa74f7\ktor-http-cio-jvm-3.3.0.jar;C:\Users\salwa\.gradle\caches\modules-2\files-2.1\io.ktor\ktor-serialization-kotlinx-jvm\3.3.0\f62c2f4f39c3fcddd790dccd3ae11005709e0cee\ktor-serialization-kotlinx-jvm-3.3.0.jar;C:\Users\salwa\.gradle\caches\modules-2\files-2.1\io.ktor\ktor-serialization-jvm\3.3.0\e56aab7a830a5e1b890aa8dd0a0f7b603552880\ktor-serialization-jvm-3.3.0.jar;C:\Users\salwa\.gradle\caches\modules-2\files-2.1\io.ktor\ktor-websockets-jvm\3.3.0\10743663e919fe33527367d3e43b940ae434aef1\ktor-websockets-jvm-3.3.0.jar;C:\Users\salwa\.gradle\caches\modules-2\files-2.1\io.ktor\ktor-network-tls-jvm\3.3.0\7ca4dfbc4e2ab68529c0955560ef215d1f887856\ktor-network-tls-jvm-3.3.0.jar;C:\Users\salwa\.gradle\caches\modules-2\files-2.1\io.ktor\ktor-http-jvm\3.3.0\8a42afc0f195c1be521ad91aa41055021fa3b94b\ktor-http-jvm-3.3.0.jar;C:\Users\salwa\.gradle\caches\modules-2\files-2.1\io.ktor\ktor-events-jvm\3.3.0\c8a50b2be72062ba419638034f9159ce8122cad\ktor-events-jvm-3.3.0.jar;C:\Users\salwa\.gradle\caches\modules-2\files-2.1\io.ktor\ktor-network-jvm\3.3.0\eeddf5465e4e0d4265a73b35da4d71bbe3a1d73e\ktor-network-jvm-3.3.0.jar;C:\Users\salwa\.gradle\caches\modules-2\files-2.1\io.ktor\ktor-utils-jvm\3.3.0\2e8d26ef0c392e07b63460009776df0e7fea653e\ktor-utils-jvm-3.3.0.jar;C:\Users\salwa\.gradle\caches\modules-2\files-2.1\org.jetbrains.kotlinx\kotlinx-serialization-json-io-jvm\1.9.0\3a371942a591532d0d9245ca6787ee677853bebd\kotlinx-serialization-json-io-jvm-1.9.0.jar;C:\Users\salwa\.gradle\caches\modules-2\files-2.1\org.jetbrains.kotlinx\kotlinx-serialization-json-jvm\1.9.0\aea6f7d49fe5c458f8963ee6d4bdaf4a459ab3e7\kotlinx-serialization-json-jvm-1.9.0.jar;C:\Users\salwa\.gradle\caches\modules-2\files-2.1\org.jetbrains.kotlinx\kotlinx-serialization-core-jvm\1.9.0\91448df39c558f7c6147b8bd8db01debe16e0cc1\kotlinx-serialization-core-jvm-1.9.0.jar;C:\Users\salwa\.gradle\caches\modules-2\files-2.1\io.ktor\ktor-io-jvm\3.3.0\46a30b23c1138234d63d4e7e6531dc1dd0055228\ktor-io-jvm-3.3.0.jar;C:\Users\salwa\.gradle\caches\modules-2\files-2.1\org.jetbrains.kotlinx\kotlinx-coroutines-core-jvm\1.10.2\4a9f78ef49483748e2c129f3d124b8fa249dafbf\kotlinx-coroutines-core-jvm-1.10.2.jar;C:\Users\salwa\.gradle\caches\modules-2\files-2.1\org.jetbrains.kotlinx\kotlinx-io-core-jvm\0.8.0\358a9f2ba2dc81c5dc84c3d1853f6e5efba63be1\kotlinx-io-core-jvm-0.8.0.jar;C:\Users\salwa\.gradle\caches\modules-2\files-2.1\org.jetbrains.kotlinx\kotlinx-io-bytestring-jvm\0.8.0\89c5399596250e71f2bba6d2415972a078a525c7\kotlinx-io-bytestring-jvm-0.8.0.jar;C:\Users\salwa\.gradle\caches\modules-2\files-2.1\org.jetbrains.kotlin\kotlin-stdlib\2.2.20\5380b19fa1924399b62ce3a1faffebb2b4f82272\kotlin-stdlib-2.2.20.jar;C:\Users\salwa\.gradle\caches\modules-2\files-2.1\ch.qos.logback\logback-classic\1.5.18\fc371f3fc97a639de2d67947cffb7518ec5e3d40\logback-classic-1.5.18.jar;C:\Users\salwa\.gradle\caches\modules-2\files-2.1\org.xerial\sqlite-jdbc\3.50.3.0\220f0cdfe9c5b97926a417fa11848ce8817d2135\sqlite-jdbc-3.50.3.0.jar;C:\Users\salwa\.gradle\caches\modules-2\files-2.1\org.jetbrains\annotations\23.0.0\8cc20c07506ec18e0834947b84a864bfc094484e\annotations-23.0.0.jar;C:\Users\salwa\.gradle\caches\modules-2\files-2.1\ch.qos.logback\logback-core\1.5.18\6c0375624f6f36b4e089e2488ba21334a11ef13f\logback-core-1.5.18.jar;C:\Users\salwa\.gradle\caches\modules-2\files-2.1\org.slf4j\slf4j-api\2.0.17\d9e58ac9c7779ba3bf8142aff6c830617a7fe60f\slf4j-api-2.0.17.jar;C:\Users\salwa\.gradle\caches\modules-2\files-2.1\com.typesafe\config\1.4.4\f19816be89ef80f9106535828ba32fd4cd8e6b77\config-1.4.4.jar;C:\Users\salwa\.gradle\caches\modules-2\files-2.1\org.fusesource.jansi\jansi\2.4.2\ba7387c31622c6650b83edba1bbb115f1fe462ba\jansi-2.4.2.jar;C:\Users\salwa\.gradle\caches\modules-2\files-2.1\io.netty\netty-codec-http2\4.2.4.Final\b4799709023e809dc85f93c6162b786cf31b4a21\netty-codec-http2-4.2.4.Final.jar;C:\Users\salwa\.gradle\caches\modules-2\files-2.1\org.eclipse.jetty.alpn\alpn-api\1.1.3.v20160715\a1bf3a937f91b4c953acd13e8c9552347adc2198\alpn-api-1.1.3.v20160715.jar;C:\Users\salwa\.gradle\caches\modules-2\files-2.1\io.netty\netty-transport-native-kqueue\4.2.4.Final\228625ab1549987b9425158cfd9b2d92d3af20db\netty-transport-native-kqueue-4.2.4.Final.jar;C:\Users\salwa\.gradle\caches\modules-2\files-2.1\io.netty\netty-transport-native-epoll\4.2.4.Final\42743a42701830a3eb093ea7e84d3d85ed123faf\netty-transport-native-epoll-4.2.4.Final.jar;C:\Users\salwa\.gradle\caches\modules-2\files-2.1\io.netty\netty-codec-http\4.2.4.Final\4670107b2f6419d21cb7967a680671692f44157\netty-codec-http-4.2.4.Final.jar;C:\Users\salwa\.gradle\caches\modules-2\files-2.1\io.netty\netty-handler\4.2.4.Final\2743026b7e760647960c40cea3a1e8cadcaca3d3\netty-handler-4.2.4.Final.jar;C:\Users\salwa\.gradle\caches\modules-2\files-2.1\io.netty\netty-codec-compression\4.2.4.Final\1ee714313d5a4828a9a5e91ef7b286b0ae70432d\netty-codec-compression-4.2.4.Final.jar;C:\Users\salwa\.gradle\caches\modules-2\files-2.1\io.netty\netty-codec-base\4.2.4.Final\1ce749159854c881db5f72f20554b593303d6383\netty-codec-base-4.2.4.Final.jar;C:\Users\salwa\.gradle\caches\modules-2\files-2.1\io.netty\netty-transport-classes-kqueue\4.2.4.Final\b5322502fd275ccda1f57c7f4f0f660ab28818ed\netty-transport-classes-kqueue-4.2.4.Final.jar;C:\Users\salwa\.gradle\caches\modules-2\files-2.1\io.netty\netty-transport-classes-epoll\4.2.4.Final\1bcbe4f5b2bec41c5cf04efa9074a0c717882f78\netty-transport-classes-epoll-4.2.4.Final.jar;C:\Users\salwa\.gradle\caches\modules-2\files-2.1\io.netty\netty-transport-native-unix-common\4.2.4.Final\8e84d47a372fdc928a50b865380a7198a0946782\netty-transport-native-unix-common-4.2.4.Final.jar;C:\Users\salwa\.gradle\caches\modules-2\files-2.1\io.netty\netty-transport\4.2.4.Final\dcc86deff7735fe678a9159e3ba991cc85a6870b\netty-transport-4.2.4.Final.jar;C:\Users\salwa\.gradle\caches\modules-2\files-2.1\io.netty\netty-buffer\4.2.4.Final\ddf4e915e4c7bc227dad3166e87e65c7c267489a\netty-buffer-4.2.4.Final.jar;C:\Users\salwa\.gradle\caches\modules-2\files-2.1\io.netty\netty-resolver\4.2.4.Final\d6104fe65ef3411f07f664220e58396cdfc64cc8\netty-resolver-4.2.4.Final.jar;C:\Users\salwa\.gradle\caches\modules-2\files-2.1\io.netty\netty-common\4.2.4.Final\2ab161f17d7dd66a1c8ac2f180a448c314790abb\netty-common-4.2.4.Final.jar
Launcher Type: SUN_STANDARD

[Global flags]
     intx CICompilerCount                          = 4                                         {product} {ergonomic}
     uint ConcGCThreads                            = 2                                         {product} {ergonomic}
     uint G1ConcRefinementThreads                  = 8                                         {product} {ergonomic}
   size_t G1HeapRegionSize                         = 1048576                                   {product} {ergonomic}
    uintx GCDrainStackTargetSize                   = 64                                        {product} {ergonomic}
   size_t InitialHeapSize                          = 132120576                                 {product} {ergonomic}
   size_t MarkStackSize                            = 4194304                                   {product} {ergonomic}
   size_t MaxHeapSize                              = 2097152000                                {product} {ergonomic}
   size_t MinHeapDeltaBytes                        = 1048576                                   {product} {ergonomic}
   size_t MinHeapSize                              = 8388608                                   {product} {ergonomic}
    uintx NonNMethodCodeHeapSize                   = 5839372                                {pd product} {ergonomic}
    uintx NonProfiledCodeHeapSize                  = 122909434                              {pd product} {ergonomic}
    uintx ProfiledCodeHeapSize                     = 122909434                              {pd product} {ergonomic}
    uintx ReservedCodeCacheSize                    = 251658240                              {pd product} {ergonomic}
     bool SegmentedCodeCache                       = true                                      {product} {ergonomic}
   size_t SoftMaxHeapSize                          = 2097152000                             {manageable} {ergonomic}
     bool UseCompressedOops                        = true                           {product lp64_product} {ergonomic}
     bool UseG1GC                                  = true                                      {product} {ergonomic}
     bool UseLargePagesIndividualAllocation        = false                                  {pd product} {ergonomic}

Logging:
Log output configuration:
 #0: stdout all=warning uptime,level,tags foldmultilines=false
 #1: stderr all=off uptime,level,tags foldmultilines=false

Environment Variables:
PATH=C:\Program Files\Common Files\Oracle\Java\javapath;C:\Program Files\Eclipse Adoptium\jdk-11.0.26.4-hotspot\bin;C:\WINDOWS\system32;C:\WINDOWS;C:\WINDOWS\System32\Wbem;C:\WINDOWS\System32\WindowsPowerShell\v1.0\;C:\WINDOWS\System32\OpenSSH\;C:\Program Files\dotnet\;C:\Program Files\Git\cmd;C:\Program Files\Microchip\xc8\v2.50\bin;C:\Program Files\PuTTY\;C:\Program Files\nodejs\;C:\Program Files\Docker\Docker\resources\bin;C:\Users\salwa\AppData\Local\Microsoft\WindowsApps;C:\Users\salwa\AppData\Local\Programs\Python\Python39;C:\Users\salwa\AppData\Local\Programs\Python\Python39\scripts;C:\Users\salwa\AppData\Local\Programs\Microsoft VS Code\bin;C:\Users\salwa\.dotnet\tools;C:\Program Files\sf\bin;C:\Users\salwa\AppData\Roaming\npm;
USERNAME=salwa
OS=Windows_NT
PROCESSOR_IDENTIFIER=Intel64 Family 6 Model 126 Stepping 5, GenuineIntel
TMP=C:\Users\salwa\AppData\Local\Temp
TEMP=C:\Users\salwa\AppData\Local\Temp




Periodic native trim disabled

---------------  S Y S T E M  ---------------

OS:
 Windows 11 , 64 bit Build 26100 (10.0.26100.7019)
OS uptime: 0 days 8:00 hours
Hyper-V role detected

CPU: total 8 (initial active 8) (4 cores per cpu, 2 threads per core) family 6 model 126 stepping 5 microcode 0xa0, cx8, cmov, fxsr, ht, mmx, 3dnowpref, sse, sse2, sse3, ssse3, sse4.1, sse4.2, popcnt, lzcnt, tsc, tscinvbit, avx, avx2, aes, erms, clmul, bmi1, bmi2, adx, avx512f, avx512dq, avx512cd, avx512bw, avx512vl, sha, fma, vzeroupper, avx512_vpopcntdq, avx512_vpclmulqdq, avx512_vaes, avx512_vnni, clflush, clflushopt, avx512_vbmi2, avx512_vbmi, hv, rdtscp, rdpid, fsrm, gfni, avx512_bitalg, f16c, avx512_ifma
Processor Information for all 8 processors :
  Max Mhz: 1501, Current Mhz: 1501, Mhz Limit: 1501

Memory: 4k page, system-wide physical 7997M (586M free)
TotalPageFile size 17600M (AvailPageFile size 10M)
current process WorkingSet (physical memory assigned to process): 12M, peak: 12M
current process commit charge ("private bytes"): 54M, peak: 55M

vm_info: Java HotSpot(TM) 64-Bit Server VM (21.0.8+12-LTS-250) for windows-amd64 JRE (21.0.8+12-LTS-250), built on 2025-06-27T08:11:22Z by "mach5one" with MS VC++ 17.6 (VS2022)

END.
